{"message":"could not get genre","stack":"Error: could not get genre\n    at C:\\Users\\saman\\Documents\\Node\\vidly-demo\\routes\\genres.js:9:11\n    at newFn (C:\\Users\\saman\\Documents\\Node\\vidly-demo\\node_modules\\express-async-errors\\index.js:16:20)\n    at Layer.handle [as handle_request] (C:\\Users\\saman\\Documents\\Node\\vidly-demo\\node_modules\\express\\lib\\router\\layer.js:95:5)\n    at next (C:\\Users\\saman\\Documents\\Node\\vidly-demo\\node_modules\\express\\lib\\router\\route.js:144:13)\n    at Route.dispatch (C:\\Users\\saman\\Documents\\Node\\vidly-demo\\node_modules\\express\\lib\\router\\route.js:114:3)\n    at newFn (C:\\Users\\saman\\Documents\\Node\\vidly-demo\\node_modules\\express-async-errors\\index.js:16:20)\n    at Layer.handle [as handle_request] (C:\\Users\\saman\\Documents\\Node\\vidly-demo\\node_modules\\express\\lib\\router\\layer.js:95:5)\n    at C:\\Users\\saman\\Documents\\Node\\vidly-demo\\node_modules\\express\\lib\\router\\index.js:284:15\n    at Function.process_params (C:\\Users\\saman\\Documents\\Node\\vidly-demo\\node_modules\\express\\lib\\router\\index.js:346:12)\n    at next (C:\\Users\\saman\\Documents\\Node\\vidly-demo\\node_modules\\express\\lib\\router\\index.js:280:10)","level":"error","timestamp":"2022-07-22T20:12:23.991Z"}
{"message":"could not get genre","stack":"Error: could not get genre\n    at C:\\Users\\saman\\Documents\\Node\\vidly-demo\\routes\\genres.js:9:11\n    at newFn (C:\\Users\\saman\\Documents\\Node\\vidly-demo\\node_modules\\express-async-errors\\index.js:16:20)\n    at Layer.handle [as handle_request] (C:\\Users\\saman\\Documents\\Node\\vidly-demo\\node_modules\\express\\lib\\router\\layer.js:95:5)\n    at next (C:\\Users\\saman\\Documents\\Node\\vidly-demo\\node_modules\\express\\lib\\router\\route.js:144:13)\n    at Route.dispatch (C:\\Users\\saman\\Documents\\Node\\vidly-demo\\node_modules\\express\\lib\\router\\route.js:114:3)\n    at newFn (C:\\Users\\saman\\Documents\\Node\\vidly-demo\\node_modules\\express-async-errors\\index.js:16:20)\n    at Layer.handle [as handle_request] (C:\\Users\\saman\\Documents\\Node\\vidly-demo\\node_modules\\express\\lib\\router\\layer.js:95:5)\n    at C:\\Users\\saman\\Documents\\Node\\vidly-demo\\node_modules\\express\\lib\\router\\index.js:284:15\n    at Function.process_params (C:\\Users\\saman\\Documents\\Node\\vidly-demo\\node_modules\\express\\lib\\router\\index.js:346:12)\n    at next (C:\\Users\\saman\\Documents\\Node\\vidly-demo\\node_modules\\express\\lib\\router\\index.js:280:10)","level":"error","timestamp":"2022-07-22T20:16:21.433Z"}
{"level":"info","message":"Connected to MongoDB..","timestamp":"2022-07-22T21:31:31.517Z"}
{"level":"info","message":"Connected to MongoDB..","timestamp":"2022-07-22T21:36:24.452Z"}
{"level":"info","message":"Listening on port 5000..","timestamp":"2022-07-28T20:26:45.584Z"}
{"level":"info","message":"Connected to mongodb://localhost/vidly..","timestamp":"2022-07-28T20:26:45.607Z"}
{"level":"info","message":"Listening on port 5000..","timestamp":"2022-07-28T20:33:16.271Z"}
{"level":"info","message":"Connected to mongodb://localhost/vidly_tests..","timestamp":"2022-07-28T20:33:16.373Z"}
{"level":"info","message":"Listening on port 5000..","timestamp":"2022-07-28T20:36:26.364Z"}
{"level":"info","message":"Connected to mongodb://localhost/vidly_tests..","timestamp":"2022-07-28T20:36:26.380Z"}
{"level":"info","message":"Listening on port 5000..","timestamp":"2022-07-28T20:37:55.265Z"}
{"level":"info","message":"Connected to mongodb://localhost/vidly_tests..","timestamp":"2022-07-28T20:37:55.288Z"}
{"level":"info","message":"Listening on port 5000..","timestamp":"2022-07-28T20:39:08.043Z"}
{"level":"info","message":"Connected to mongodb://localhost/vidly_tests..","timestamp":"2022-07-28T20:39:08.067Z"}
{"level":"info","message":"Listening on port 5000..","timestamp":"2022-07-28T20:39:18.930Z"}
{"level":"info","message":"Connected to mongodb://localhost/vidly_tests..","timestamp":"2022-07-28T20:39:18.937Z"}
{"level":"info","message":"Listening on port 5000..","timestamp":"2022-07-28T20:46:16.540Z"}
{"level":"info","message":"Connected to mongodb://localhost/vidly_tests..","timestamp":"2022-07-28T20:46:16.549Z"}
{"level":"info","message":"Listening on port 5000..","timestamp":"2022-07-28T20:47:13.209Z"}
{"level":"info","message":"Connected to mongodb://localhost/vidly_tests..","timestamp":"2022-07-28T20:47:13.220Z"}
{"level":"info","message":"Listening on port 5000..","timestamp":"2022-07-28T20:47:57.628Z"}
{"level":"info","message":"Connected to mongodb://localhost/vidly_tests..","timestamp":"2022-07-28T20:47:57.639Z"}
{"level":"info","message":"Listening on port 5000..","timestamp":"2022-07-28T20:48:08.579Z"}
{"level":"info","message":"Connected to mongodb://localhost/vidly_tests..","timestamp":"2022-07-28T20:48:08.585Z"}
{"level":"info","message":"Listening on port 5000..","timestamp":"2022-07-28T20:49:08.334Z"}
{"level":"info","message":"Connected to mongodb://localhost/vidly_tests..","timestamp":"2022-07-28T20:49:08.343Z"}
{"level":"info","message":"Listening on port 5000..","timestamp":"2022-07-28T20:50:44.572Z"}
{"level":"info","message":"Connected to mongodb://localhost/vidly_tests..","timestamp":"2022-07-28T20:50:44.578Z"}
{"level":"info","message":"Listening on port 5000..","timestamp":"2022-07-28T20:52:02.906Z"}
{"level":"info","message":"Connected to mongodb://localhost/vidly_tests..","timestamp":"2022-07-28T20:52:02.917Z"}
{"level":"info","message":"Listening on port 5000..","timestamp":"2022-07-28T20:52:30.740Z"}
{"level":"info","message":"Connected to mongodb://localhost/vidly_tests..","timestamp":"2022-07-28T20:52:30.752Z"}
{"level":"info","message":"Listening on port 5000..","timestamp":"2022-07-28T20:55:28.665Z"}
{"level":"info","message":"Connected to mongodb://localhost/vidly_tests..","timestamp":"2022-07-28T20:55:28.676Z"}
{"level":"info","message":"Listening on port 5000..","timestamp":"2022-07-28T20:55:55.979Z"}
{"level":"info","message":"Connected to mongodb://localhost/vidly_tests..","timestamp":"2022-07-28T20:55:55.990Z"}
{"message":"Cast to ObjectId failed for value \"1\" (type string) at path \"_id\" for model \"Genre\"","stack":"CastError: Cast to ObjectId failed for value \"1\" (type string) at path \"_id\" for model \"Genre\"\n    at model.Query.exec (C:\\Users\\saman\\Documents\\Node\\vidly-demo\\node_modules\\mongoose\\lib\\query.js:4780:21)\n    at model.Query.Object.<anonymous>.Query.then (C:\\Users\\saman\\Documents\\Node\\vidly-demo\\node_modules\\mongoose\\lib\\query.js:4879:15)\n    at processTicksAndRejections (node:internal/process/task_queues:96:5)","stringValue":"\"1\"","kind":"ObjectId","value":"1","path":"_id","reason":{},"valueType":"string","level":"error","timestamp":"2022-07-28T20:55:56.045Z"}
{"level":"info","message":"Listening on port 5000..","timestamp":"2022-07-28T20:56:29.191Z"}
{"level":"info","message":"Connected to mongodb://localhost/vidly_tests..","timestamp":"2022-07-28T20:56:29.202Z"}
{"message":"Cast to ObjectId failed for value \"1\" (type string) at path \"_id\" for model \"Genre\"","stack":"CastError: Cast to ObjectId failed for value \"1\" (type string) at path \"_id\" for model \"Genre\"\n    at model.Query.exec (C:\\Users\\saman\\Documents\\Node\\vidly-demo\\node_modules\\mongoose\\lib\\query.js:4780:21)\n    at model.Query.Object.<anonymous>.Query.then (C:\\Users\\saman\\Documents\\Node\\vidly-demo\\node_modules\\mongoose\\lib\\query.js:4879:15)\n    at processTicksAndRejections (node:internal/process/task_queues:96:5)","stringValue":"\"1\"","kind":"ObjectId","value":"1","path":"_id","reason":{},"valueType":"string","level":"error","timestamp":"2022-07-28T20:56:29.249Z"}
{"level":"info","message":"Listening on port 5000..","timestamp":"2022-07-28T20:56:31.117Z"}
{"level":"info","message":"Connected to mongodb://localhost/vidly_tests..","timestamp":"2022-07-28T20:56:31.127Z"}
{"message":"Cast to ObjectId failed for value \"1\" (type string) at path \"_id\" for model \"Genre\"","stack":"CastError: Cast to ObjectId failed for value \"1\" (type string) at path \"_id\" for model \"Genre\"\n    at model.Query.exec (C:\\Users\\saman\\Documents\\Node\\vidly-demo\\node_modules\\mongoose\\lib\\query.js:4780:21)\n    at model.Query.Object.<anonymous>.Query.then (C:\\Users\\saman\\Documents\\Node\\vidly-demo\\node_modules\\mongoose\\lib\\query.js:4879:15)\n    at processTicksAndRejections (node:internal/process/task_queues:96:5)","stringValue":"\"1\"","kind":"ObjectId","value":"1","path":"_id","reason":{},"valueType":"string","level":"error","timestamp":"2022-07-28T20:56:31.168Z"}
{"level":"info","message":"Listening on port 5000..","timestamp":"2022-07-28T20:57:03.326Z"}
{"level":"info","message":"Connected to mongodb://localhost/vidly_tests..","timestamp":"2022-07-28T20:57:03.352Z"}
{"message":"Cast to ObjectId failed for value \"1\" (type string) at path \"_id\" for model \"Genre\"","stack":"CastError: Cast to ObjectId failed for value \"1\" (type string) at path \"_id\" for model \"Genre\"\n    at model.Query.exec (C:\\Users\\saman\\Documents\\Node\\vidly-demo\\node_modules\\mongoose\\lib\\query.js:4780:21)\n    at model.Query.Object.<anonymous>.Query.then (C:\\Users\\saman\\Documents\\Node\\vidly-demo\\node_modules\\mongoose\\lib\\query.js:4879:15)\n    at processTicksAndRejections (node:internal/process/task_queues:96:5)","stringValue":"\"1\"","kind":"ObjectId","value":"1","path":"_id","reason":{},"valueType":"string","level":"error","timestamp":"2022-07-28T20:57:03.418Z"}
{"level":"info","message":"Listening on port 5000..","timestamp":"2022-07-28T20:58:01.241Z"}
{"level":"info","message":"Connected to mongodb://localhost/vidly_tests..","timestamp":"2022-07-28T20:58:01.257Z"}
{"message":"Cast to ObjectId failed for value \"1\" (type string) at path \"_id\" for model \"Genre\"","stack":"CastError: Cast to ObjectId failed for value \"1\" (type string) at path \"_id\" for model \"Genre\"\n    at model.Query.exec (C:\\Users\\saman\\Documents\\Node\\vidly-demo\\node_modules\\mongoose\\lib\\query.js:4780:21)\n    at model.Query.Object.<anonymous>.Query.then (C:\\Users\\saman\\Documents\\Node\\vidly-demo\\node_modules\\mongoose\\lib\\query.js:4879:15)\n    at processTicksAndRejections (node:internal/process/task_queues:96:5)","stringValue":"\"1\"","kind":"ObjectId","value":"1","path":"_id","reason":{},"valueType":"string","level":"error","timestamp":"2022-07-28T20:58:01.326Z"}
{"level":"info","message":"Listening on port 5000..","timestamp":"2022-07-28T20:58:11.672Z"}
{"level":"info","message":"Connected to mongodb://localhost/vidly_tests..","timestamp":"2022-07-28T20:58:11.678Z"}
{"level":"info","message":"Listening on port 5000..","timestamp":"2022-07-28T20:58:18.545Z"}
{"level":"info","message":"Connected to mongodb://localhost/vidly_tests..","timestamp":"2022-07-28T20:58:18.553Z"}
{"level":"info","message":"Listening on port 5000..","timestamp":"2022-07-28T20:58:37.201Z"}
{"level":"info","message":"Connected to mongodb://localhost/vidly_tests..","timestamp":"2022-07-28T20:58:37.210Z"}
{"level":"info","message":"Listening on port 5000..","timestamp":"2022-07-28T20:59:08.797Z"}
{"level":"info","message":"Connected to mongodb://localhost/vidly_tests..","timestamp":"2022-07-28T20:59:08.807Z"}
{"message":"Cast to ObjectId failed for value \"1\" (type string) at path \"_id\" for model \"Genre\"","stack":"CastError: Cast to ObjectId failed for value \"1\" (type string) at path \"_id\" for model \"Genre\"\n    at model.Query.exec (C:\\Users\\saman\\Documents\\Node\\vidly-demo\\node_modules\\mongoose\\lib\\query.js:4780:21)\n    at model.Query.Object.<anonymous>.Query.then (C:\\Users\\saman\\Documents\\Node\\vidly-demo\\node_modules\\mongoose\\lib\\query.js:4879:15)\n    at processTicksAndRejections (node:internal/process/task_queues:96:5)","stringValue":"\"1\"","kind":"ObjectId","value":"1","path":"_id","reason":{},"valueType":"string","level":"error","timestamp":"2022-07-28T20:59:08.861Z"}
{"level":"info","message":"Listening on port 5000..","timestamp":"2022-07-28T20:59:20.211Z"}
{"level":"info","message":"Connected to mongodb://localhost/vidly_tests..","timestamp":"2022-07-28T20:59:20.223Z"}
{"level":"info","message":"Listening on port 5000..","timestamp":"2022-07-28T21:36:03.563Z"}
{"level":"info","message":"Connected to mongodb://localhost/vidly_tests..","timestamp":"2022-07-28T21:36:03.683Z"}
{"level":"info","message":"Listening on port 5000..","timestamp":"2022-07-28T21:36:05.748Z"}
{"level":"info","message":"Connected to mongodb://localhost/vidly_tests..","timestamp":"2022-07-28T21:36:05.811Z"}
{"level":"info","message":"Listening on port 5000..","timestamp":"2022-07-28T21:36:13.807Z"}
{"level":"info","message":"Connected to mongodb://localhost/vidly_tests..","timestamp":"2022-07-28T21:36:13.812Z"}
{"level":"info","message":"Listening on port 5000..","timestamp":"2022-07-28T21:36:17.407Z"}
{"level":"info","message":"Connected to mongodb://localhost/vidly_tests..","timestamp":"2022-07-28T21:36:17.416Z"}
{"level":"info","message":"Listening on port 5000..","timestamp":"2022-07-28T21:36:20.533Z"}
{"level":"info","message":"Connected to mongodb://localhost/vidly_tests..","timestamp":"2022-07-28T21:36:20.538Z"}
{"message":"Cast to ObjectId failed for value \"1\" (type string) at path \"_id\" for model \"Genre\"","stack":"CastError: Cast to ObjectId failed for value \"1\" (type string) at path \"_id\" for model \"Genre\"\n    at model.Query.exec (C:\\Users\\saman\\Documents\\Node\\vidly-demo\\node_modules\\mongoose\\lib\\query.js:4780:21)\n    at model.Query.Object.<anonymous>.Query.then (C:\\Users\\saman\\Documents\\Node\\vidly-demo\\node_modules\\mongoose\\lib\\query.js:4879:15)\n    at runMicrotasks (<anonymous>)\n    at processTicksAndRejections (node:internal/process/task_queues:96:5)","stringValue":"\"1\"","kind":"ObjectId","value":"1","path":"_id","reason":{},"valueType":"string","level":"error","timestamp":"2022-07-28T21:36:20.567Z"}
{"level":"info","message":"Listening on port 5000..","timestamp":"2022-07-28T21:36:22.591Z"}
{"level":"info","message":"Connected to mongodb://localhost/vidly_tests..","timestamp":"2022-07-28T21:36:22.648Z"}
{"message":"Cast to ObjectId failed for value \"1\" (type string) at path \"_id\" for model \"Genre\"","stack":"CastError: Cast to ObjectId failed for value \"1\" (type string) at path \"_id\" for model \"Genre\"\n    at model.Query.exec (C:\\Users\\saman\\Documents\\Node\\vidly-demo\\node_modules\\mongoose\\lib\\query.js:4780:21)\n    at model.Query.Object.<anonymous>.Query.then (C:\\Users\\saman\\Documents\\Node\\vidly-demo\\node_modules\\mongoose\\lib\\query.js:4879:15)\n    at runMicrotasks (<anonymous>)\n    at processTicksAndRejections (node:internal/process/task_queues:96:5)","stringValue":"\"1\"","kind":"ObjectId","value":"1","path":"_id","reason":{},"valueType":"string","level":"error","timestamp":"2022-07-28T21:36:22.679Z"}
{"level":"info","message":"Listening on port 5000..","timestamp":"2022-07-28T21:36:47.517Z"}
{"level":"info","message":"Connected to mongodb://localhost/vidly_tests..","timestamp":"2022-07-28T21:36:47.527Z"}
{"message":"Cast to ObjectId failed for value \"1\" (type string) at path \"_id\" for model \"Genre\"","stack":"CastError: Cast to ObjectId failed for value \"1\" (type string) at path \"_id\" for model \"Genre\"\n    at model.Query.exec (C:\\Users\\saman\\Documents\\Node\\vidly-demo\\node_modules\\mongoose\\lib\\query.js:4780:21)\n    at model.Query.Object.<anonymous>.Query.then (C:\\Users\\saman\\Documents\\Node\\vidly-demo\\node_modules\\mongoose\\lib\\query.js:4879:15)\n    at processTicksAndRejections (node:internal/process/task_queues:96:5)","stringValue":"\"1\"","kind":"ObjectId","value":"1","path":"_id","reason":{},"valueType":"string","level":"error","timestamp":"2022-07-28T21:36:47.576Z"}
{"level":"info","message":"Listening on port 5000..","timestamp":"2022-07-28T21:37:57.259Z"}
{"level":"info","message":"Connected to mongodb://localhost/vidly_tests..","timestamp":"2022-07-28T21:37:57.268Z"}
{"level":"info","message":"Listening on port 5000..","timestamp":"2022-07-28T21:39:10.034Z"}
{"level":"info","message":"Connected to mongodb://localhost/vidly_tests..","timestamp":"2022-07-28T21:39:10.040Z"}
{"level":"info","message":"Listening on port 5000..","timestamp":"2022-07-28T21:39:23.032Z"}
{"level":"info","message":"Connected to mongodb://localhost/vidly_tests..","timestamp":"2022-07-28T21:39:23.044Z"}
{"level":"info","message":"Listening on port 5000..","timestamp":"2022-07-28T21:40:02.251Z"}
{"level":"info","message":"Connected to mongodb://localhost/vidly_tests..","timestamp":"2022-07-28T21:40:02.257Z"}
{"level":"info","message":"Listening on port 5000..","timestamp":"2022-07-28T21:40:04.319Z"}
{"level":"info","message":"Connected to mongodb://localhost/vidly_tests..","timestamp":"2022-07-28T21:40:04.328Z"}
{"level":"info","message":"Listening on port 5000..","timestamp":"2022-07-28T21:40:24.389Z"}
{"level":"info","message":"Connected to mongodb://localhost/vidly_tests..","timestamp":"2022-07-28T21:40:24.402Z"}
{"level":"info","message":"Listening on port 5000..","timestamp":"2022-07-28T21:41:21.836Z"}
{"level":"info","message":"Connected to mongodb://localhost/vidly_tests..","timestamp":"2022-07-28T21:41:21.844Z"}
{"level":"info","message":"Listening on port 5000..","timestamp":"2022-07-28T21:41:38.980Z"}
{"level":"info","message":"Connected to mongodb://localhost/vidly_tests..","timestamp":"2022-07-28T21:41:38.988Z"}
{"level":"info","message":"Listening on port 5000..","timestamp":"2022-07-28T21:41:46.945Z"}
{"level":"info","message":"Connected to mongodb://localhost/vidly_tests..","timestamp":"2022-07-28T21:41:46.953Z"}
{"level":"info","message":"Listening on port 5000..","timestamp":"2022-07-28T21:41:55.444Z"}
{"level":"info","message":"Connected to mongodb://localhost/vidly_tests..","timestamp":"2022-07-28T21:41:55.456Z"}
{"level":"info","message":"Listening on port 5000..","timestamp":"2022-07-28T21:42:06.562Z"}
{"level":"info","message":"Connected to mongodb://localhost/vidly_tests..","timestamp":"2022-07-28T21:42:06.576Z"}
{"level":"info","message":"Listening on port 5000..","timestamp":"2022-07-28T21:42:25.171Z"}
{"level":"info","message":"Connected to mongodb://localhost/vidly_tests..","timestamp":"2022-07-28T21:42:25.178Z"}
{"message":"Genre validation failed: name: Path `name` (`1234`) is shorter than the minimum allowed length (5).","stack":"ValidationError: Genre validation failed: name: Path `name` (`1234`) is shorter than the minimum allowed length (5).\n    at model.Object.<anonymous>.Document.invalidate (C:\\Users\\saman\\Documents\\Node\\vidly-demo\\node_modules\\mongoose\\lib\\document.js:3013:32)\n    at C:\\Users\\saman\\Documents\\Node\\vidly-demo\\node_modules\\mongoose\\lib\\document.js:2802:17\n    at C:\\Users\\saman\\Documents\\Node\\vidly-demo\\node_modules\\mongoose\\lib\\schematype.js:1332:9\n    at processTicksAndRejections (node:internal/process/task_queues:78:11)","errors":{"name":{"name":"ValidatorError","message":"Path `name` (`1234`) is shorter than the minimum allowed length (5).","properties":{"message":"Path `name` (`1234`) is shorter than the minimum allowed length (5).","type":"minlength","minlength":5,"path":"name","value":"1234"},"kind":"minlength","path":"name","value":"1234"}},"_message":"Genre validation failed","level":"error","timestamp":"2022-07-28T21:42:25.228Z"}
{"level":"info","message":"Listening on port 5000..","timestamp":"2022-07-28T21:42:27.272Z"}
{"level":"info","message":"Connected to mongodb://localhost/vidly_tests..","timestamp":"2022-07-28T21:42:27.332Z"}
{"message":"Genre validation failed: name: Path `name` (`1234`) is shorter than the minimum allowed length (5).","stack":"ValidationError: Genre validation failed: name: Path `name` (`1234`) is shorter than the minimum allowed length (5).\n    at model.Object.<anonymous>.Document.invalidate (C:\\Users\\saman\\Documents\\Node\\vidly-demo\\node_modules\\mongoose\\lib\\document.js:3013:32)\n    at C:\\Users\\saman\\Documents\\Node\\vidly-demo\\node_modules\\mongoose\\lib\\document.js:2802:17\n    at C:\\Users\\saman\\Documents\\Node\\vidly-demo\\node_modules\\mongoose\\lib\\schematype.js:1332:9\n    at processTicksAndRejections (node:internal/process/task_queues:78:11)","errors":{"name":{"name":"ValidatorError","message":"Path `name` (`1234`) is shorter than the minimum allowed length (5).","properties":{"message":"Path `name` (`1234`) is shorter than the minimum allowed length (5).","type":"minlength","minlength":5,"path":"name","value":"1234"},"kind":"minlength","path":"name","value":"1234"}},"_message":"Genre validation failed","level":"error","timestamp":"2022-07-28T21:42:27.382Z"}
{"level":"info","message":"Listening on port 5000..","timestamp":"2022-07-28T21:43:08.220Z"}
{"level":"info","message":"Connected to mongodb://localhost/vidly_tests..","timestamp":"2022-07-28T21:43:08.234Z"}
{"level":"info","message":"Listening on port 5000..","timestamp":"2022-07-28T21:44:48.947Z"}
{"level":"info","message":"Connected to mongodb://localhost/vidly_tests..","timestamp":"2022-07-28T21:44:49.584Z"}
{"message":"Genre validation failed: name: Path `name` (`aaaaaaaaaaaaaaaaaaaaaaaaaaaaaaaaaaaaaaaaaaaaaaaaaaa`) is longer than the maximum allowed length (50).","stack":"ValidationError: Genre validation failed: name: Path `name` (`aaaaaaaaaaaaaaaaaaaaaaaaaaaaaaaaaaaaaaaaaaaaaaaaaaa`) is longer than the maximum allowed length (50).\n    at model.Object.<anonymous>.Document.invalidate (C:\\Users\\saman\\Documents\\Node\\vidly-demo\\node_modules\\mongoose\\lib\\document.js:3013:32)\n    at C:\\Users\\saman\\Documents\\Node\\vidly-demo\\node_modules\\mongoose\\lib\\document.js:2802:17\n    at C:\\Users\\saman\\Documents\\Node\\vidly-demo\\node_modules\\mongoose\\lib\\schematype.js:1332:9\n    at processTicksAndRejections (node:internal/process/task_queues:78:11)","errors":{"name":{"name":"ValidatorError","message":"Path `name` (`aaaaaaaaaaaaaaaaaaaaaaaaaaaaaaaaaaaaaaaaaaaaaaaaaaa`) is longer than the maximum allowed length (50).","properties":{"message":"Path `name` (`aaaaaaaaaaaaaaaaaaaaaaaaaaaaaaaaaaaaaaaaaaaaaaaaaaa`) is longer than the maximum allowed length (50).","type":"maxlength","maxlength":50,"path":"name","value":"aaaaaaaaaaaaaaaaaaaaaaaaaaaaaaaaaaaaaaaaaaaaaaaaaaa"},"kind":"maxlength","path":"name","value":"aaaaaaaaaaaaaaaaaaaaaaaaaaaaaaaaaaaaaaaaaaaaaaaaaaa"}},"_message":"Genre validation failed","level":"error","timestamp":"2022-07-28T21:44:49.688Z"}
{"level":"info","message":"Listening on port 5000..","timestamp":"2022-07-28T21:44:52.722Z"}
{"level":"info","message":"Connected to mongodb://localhost/vidly_tests..","timestamp":"2022-07-28T21:44:52.741Z"}
{"message":"Genre validation failed: name: Path `name` (`aaaaaaaaaaaaaaaaaaaaaaaaaaaaaaaaaaaaaaaaaaaaaaaaaaa`) is longer than the maximum allowed length (50).","stack":"ValidationError: Genre validation failed: name: Path `name` (`aaaaaaaaaaaaaaaaaaaaaaaaaaaaaaaaaaaaaaaaaaaaaaaaaaa`) is longer than the maximum allowed length (50).\n    at model.Object.<anonymous>.Document.invalidate (C:\\Users\\saman\\Documents\\Node\\vidly-demo\\node_modules\\mongoose\\lib\\document.js:3013:32)\n    at C:\\Users\\saman\\Documents\\Node\\vidly-demo\\node_modules\\mongoose\\lib\\document.js:2802:17\n    at C:\\Users\\saman\\Documents\\Node\\vidly-demo\\node_modules\\mongoose\\lib\\schematype.js:1332:9\n    at processTicksAndRejections (node:internal/process/task_queues:78:11)","errors":{"name":{"name":"ValidatorError","message":"Path `name` (`aaaaaaaaaaaaaaaaaaaaaaaaaaaaaaaaaaaaaaaaaaaaaaaaaaa`) is longer than the maximum allowed length (50).","properties":{"message":"Path `name` (`aaaaaaaaaaaaaaaaaaaaaaaaaaaaaaaaaaaaaaaaaaaaaaaaaaa`) is longer than the maximum allowed length (50).","type":"maxlength","maxlength":50,"path":"name","value":"aaaaaaaaaaaaaaaaaaaaaaaaaaaaaaaaaaaaaaaaaaaaaaaaaaa"},"kind":"maxlength","path":"name","value":"aaaaaaaaaaaaaaaaaaaaaaaaaaaaaaaaaaaaaaaaaaaaaaaaaaa"}},"_message":"Genre validation failed","level":"error","timestamp":"2022-07-28T21:44:52.835Z"}
{"level":"info","message":"Listening on port 5000..","timestamp":"2022-07-28T21:45:27.976Z"}
{"level":"info","message":"Connected to mongodb://localhost/vidly_tests..","timestamp":"2022-07-28T21:45:28.020Z"}
{"level":"info","message":"Listening on port 5000..","timestamp":"2022-07-28T21:46:13.636Z"}
{"level":"info","message":"Connected to mongodb://localhost/vidly_tests..","timestamp":"2022-07-28T21:46:13.646Z"}
{"level":"info","message":"Listening on port 5000..","timestamp":"2022-07-28T21:46:18.842Z"}
{"level":"info","message":"Connected to mongodb://localhost/vidly_tests..","timestamp":"2022-07-28T21:46:18.847Z"}
{"level":"info","message":"Listening on port 5000..","timestamp":"2022-07-28T21:46:34.315Z"}
{"level":"info","message":"Connected to mongodb://localhost/vidly_tests..","timestamp":"2022-07-28T21:46:34.331Z"}
{"level":"info","message":"Listening on port 5000..","timestamp":"2022-07-28T21:46:57.564Z"}
{"level":"info","message":"Connected to mongodb://localhost/vidly_tests..","timestamp":"2022-07-28T21:46:57.573Z"}
{"level":"info","message":"Listening on port 5000..","timestamp":"2022-07-28T21:47:12.096Z"}
{"level":"info","message":"Connected to mongodb://localhost/vidly_tests..","timestamp":"2022-07-28T21:47:12.106Z"}
{"level":"info","message":"Listening on port 5000..","timestamp":"2022-07-28T21:47:20.775Z"}
{"level":"info","message":"Connected to mongodb://localhost/vidly_tests..","timestamp":"2022-07-28T21:47:20.780Z"}
{"level":"info","message":"Listening on port 5000..","timestamp":"2022-07-28T21:47:44.611Z"}
{"level":"info","message":"Connected to mongodb://localhost/vidly_tests..","timestamp":"2022-07-28T21:47:44.622Z"}
{"level":"info","message":"Listening on port 5000..","timestamp":"2022-07-28T21:47:55.036Z"}
{"level":"info","message":"Connected to mongodb://localhost/vidly_tests..","timestamp":"2022-07-28T21:47:55.042Z"}
{"level":"info","message":"Listening on port 5000..","timestamp":"2022-07-28T21:48:05.477Z"}
{"level":"info","message":"Connected to mongodb://localhost/vidly_tests..","timestamp":"2022-07-28T21:48:05.486Z"}
{"level":"info","message":"Listening on port 5000..","timestamp":"2022-07-28T21:48:15.451Z"}
{"level":"info","message":"Connected to mongodb://localhost/vidly_tests..","timestamp":"2022-07-28T21:48:15.457Z"}
{"level":"info","message":"Listening on port 5000..","timestamp":"2022-07-28T21:49:52.648Z"}
{"level":"info","message":"Connected to mongodb://localhost/vidly_tests..","timestamp":"2022-07-28T21:49:52.655Z"}
{"level":"info","message":"Listening on port 5000..","timestamp":"2022-07-28T21:50:29.690Z"}
{"level":"info","message":"Connected to mongodb://localhost/vidly_tests..","timestamp":"2022-07-28T21:50:29.700Z"}
{"level":"info","message":"Listening on port 5000..","timestamp":"2022-07-28T21:50:59.875Z"}
{"level":"info","message":"Connected to mongodb://localhost/vidly_tests..","timestamp":"2022-07-28T21:50:59.881Z"}
{"level":"info","message":"Listening on port 5000..","timestamp":"2022-07-28T21:51:09.902Z"}
{"level":"info","message":"Connected to mongodb://localhost/vidly_tests..","timestamp":"2022-07-28T21:51:09.908Z"}
{"level":"info","message":"Listening on port 5000..","timestamp":"2022-07-28T21:51:21.465Z"}
{"level":"info","message":"Connected to mongodb://localhost/vidly_tests..","timestamp":"2022-07-28T21:51:21.474Z"}
{"level":"info","message":"Listening on port 5000..","timestamp":"2022-07-28T21:52:01.862Z"}
{"level":"info","message":"Connected to mongodb://localhost/vidly_tests..","timestamp":"2022-07-28T21:52:01.876Z"}
{"level":"info","message":"Listening on port 5000..","timestamp":"2022-07-28T21:52:46.816Z"}
{"level":"info","message":"Connected to mongodb://localhost/vidly_tests..","timestamp":"2022-07-28T21:52:46.823Z"}
{"level":"info","message":"Listening on port 5000..","timestamp":"2022-07-28T21:53:06.397Z"}
{"level":"info","message":"Connected to mongodb://localhost/vidly_tests..","timestamp":"2022-07-28T21:53:06.408Z"}
{"level":"info","message":"Listening on port 5000..","timestamp":"2022-07-28T21:53:36.049Z"}
{"level":"info","message":"Connected to mongodb://localhost/vidly_tests..","timestamp":"2022-07-28T21:53:36.056Z"}
{"level":"info","message":"Listening on port 5000..","timestamp":"2022-07-28T21:53:48.260Z"}
{"level":"info","message":"Connected to mongodb://localhost/vidly_tests..","timestamp":"2022-07-28T21:53:48.274Z"}
{"level":"info","message":"Listening on port 5000..","timestamp":"2022-07-28T21:55:57.362Z"}
{"level":"info","message":"Connected to mongodb://localhost/vidly_tests..","timestamp":"2022-07-28T21:55:57.368Z"}
{"level":"info","message":"Listening on port 5000..","timestamp":"2022-07-28T21:56:04.989Z"}
{"level":"info","message":"Connected to mongodb://localhost/vidly_tests..","timestamp":"2022-07-28T21:56:04.994Z"}
{"level":"info","message":"Listening on port 5000..","timestamp":"2022-07-28T21:56:34.172Z"}
{"level":"info","message":"Connected to mongodb://localhost/vidly_tests..","timestamp":"2022-07-28T21:56:34.184Z"}
{"level":"info","message":"Listening on port 5000..","timestamp":"2022-07-28T21:56:41.775Z"}
{"level":"info","message":"Connected to mongodb://localhost/vidly_tests..","timestamp":"2022-07-28T21:56:41.781Z"}
{"level":"info","message":"Listening on port 5000..","timestamp":"2022-07-28T21:57:18.564Z"}
{"level":"info","message":"Connected to mongodb://localhost/vidly_tests..","timestamp":"2022-07-28T21:57:18.577Z"}
{"level":"info","message":"Listening on port 5000..","timestamp":"2022-07-28T21:57:23.493Z"}
{"level":"info","message":"Connected to mongodb://localhost/vidly_tests..","timestamp":"2022-07-28T21:57:23.502Z"}
{"level":"info","message":"Listening on port 5000..","timestamp":"2022-07-28T21:57:39.579Z"}
{"level":"info","message":"Connected to mongodb://localhost/vidly_tests..","timestamp":"2022-07-28T21:57:39.591Z"}
{"level":"info","message":"Listening on port 5000..","timestamp":"2022-07-28T21:58:23.867Z"}
{"level":"info","message":"Connected to mongodb://localhost/vidly_tests..","timestamp":"2022-07-28T21:58:23.882Z"}
{"level":"info","message":"Listening on port 5000..","timestamp":"2022-07-28T21:59:32.914Z"}
{"level":"info","message":"Connected to mongodb://localhost/vidly_tests..","timestamp":"2022-07-28T21:59:32.920Z"}
{"level":"info","message":"Listening on port 5000..","timestamp":"2022-07-28T21:59:45.351Z"}
{"level":"info","message":"Connected to mongodb://localhost/vidly_tests..","timestamp":"2022-07-28T21:59:45.362Z"}
{"level":"info","message":"Listening on port 5000..","timestamp":"2022-07-28T22:00:08.033Z"}
{"level":"info","message":"Connected to mongodb://localhost/vidly_tests..","timestamp":"2022-07-28T22:00:08.041Z"}
{"level":"info","message":"Listening on port 5000..","timestamp":"2022-07-28T22:00:33.536Z"}
{"level":"info","message":"Connected to mongodb://localhost/vidly_tests..","timestamp":"2022-07-28T22:00:33.544Z"}
{"level":"info","message":"Listening on port 5000..","timestamp":"2022-07-28T22:00:40.397Z"}
{"level":"info","message":"Connected to mongodb://localhost/vidly_tests..","timestamp":"2022-07-28T22:00:40.406Z"}
{"level":"info","message":"Listening on port 5000..","timestamp":"2022-07-28T22:00:49.020Z"}
{"level":"info","message":"Connected to mongodb://localhost/vidly_tests..","timestamp":"2022-07-28T22:00:49.026Z"}
{"level":"info","message":"Listening on port 5000..","timestamp":"2022-07-28T22:00:59.824Z"}
{"level":"info","message":"Connected to mongodb://localhost/vidly_tests..","timestamp":"2022-07-28T22:00:59.834Z"}
{"level":"info","message":"Listening on port 5000..","timestamp":"2022-07-28T22:01:29.593Z"}
{"level":"info","message":"Connected to mongodb://localhost/vidly_tests..","timestamp":"2022-07-28T22:01:29.599Z"}
{"level":"info","message":"Connected to mongodb://localhost/vidly_tests..","timestamp":"2022-07-28T22:01:30.190Z"}
{"level":"info","message":"Listening on port 5000..","timestamp":"2022-07-28T22:01:39.928Z"}
{"level":"info","message":"Connected to mongodb://localhost/vidly_tests..","timestamp":"2022-07-28T22:01:39.936Z"}
{"level":"info","message":"Connected to mongodb://localhost/vidly_tests..","timestamp":"2022-07-28T22:01:39.934Z"}
{"level":"info","message":"Listening on port 5000..","timestamp":"2022-07-28T22:01:48.758Z"}
{"level":"info","message":"Connected to mongodb://localhost/vidly_tests..","timestamp":"2022-07-28T22:01:48.765Z"}
{"level":"info","message":"Connected to mongodb://localhost/vidly_tests..","timestamp":"2022-07-28T22:01:48.763Z"}
{"level":"info","message":"Listening on port 5000..","timestamp":"2022-07-28T22:02:03.372Z"}
{"level":"info","message":"Connected to mongodb://localhost/vidly_tests..","timestamp":"2022-07-28T22:02:03.386Z"}
{"level":"info","message":"Connected to mongodb://localhost/vidly_tests..","timestamp":"2022-07-28T22:02:03.381Z"}
{"level":"info","message":"Listening on port 5000..","timestamp":"2022-07-28T22:02:12.001Z"}
{"level":"info","message":"Connected to mongodb://localhost/vidly_tests..","timestamp":"2022-07-28T22:02:12.018Z"}
{"level":"info","message":"Connected to mongodb://localhost/vidly_tests..","timestamp":"2022-07-28T22:02:12.016Z"}
{"level":"info","message":"Listening on port 5000..","timestamp":"2022-07-28T22:02:51.474Z"}
{"level":"info","message":"Connected to mongodb://localhost/vidly_tests..","timestamp":"2022-07-28T22:02:51.481Z"}
{"level":"info","message":"Listening on port 5000..","timestamp":"2022-07-28T22:03:04.734Z"}
{"level":"info","message":"Connected to mongodb://localhost/vidly_tests..","timestamp":"2022-07-28T22:03:04.740Z"}
{"level":"info","message":"Listening on port 5000..","timestamp":"2022-07-28T22:03:20.614Z"}
{"level":"info","message":"Connected to mongodb://localhost/vidly_tests..","timestamp":"2022-07-28T22:03:20.623Z"}
{"level":"info","message":"Listening on port 5000..","timestamp":"2022-07-28T22:04:06.374Z"}
{"level":"info","message":"Connected to mongodb://localhost/vidly_tests..","timestamp":"2022-07-28T22:04:06.386Z"}
{"level":"info","message":"Listening on port 5000..","timestamp":"2022-07-28T22:04:10.077Z"}
{"level":"info","message":"Connected to mongodb://localhost/vidly_tests..","timestamp":"2022-07-28T22:04:10.085Z"}
{"level":"info","message":"Listening on port 5000..","timestamp":"2022-07-28T22:04:13.056Z"}
{"level":"info","message":"Connected to mongodb://localhost/vidly_tests..","timestamp":"2022-07-28T22:04:13.068Z"}
{"level":"info","message":"Listening on port 5000..","timestamp":"2022-07-28T22:04:37.312Z"}
{"level":"info","message":"Connected to mongodb://localhost/vidly_tests..","timestamp":"2022-07-28T22:04:37.324Z"}
{"level":"info","message":"Listening on port 5000..","timestamp":"2022-07-28T22:05:01.700Z"}
{"level":"info","message":"Connected to mongodb://localhost/vidly_tests..","timestamp":"2022-07-28T22:05:01.708Z"}
{"level":"info","message":"Listening on port 5000..","timestamp":"2022-07-28T22:05:16.806Z"}
{"level":"info","message":"Connected to mongodb://localhost/vidly_tests..","timestamp":"2022-07-28T22:05:16.812Z"}
{"level":"info","message":"Listening on port 5000..","timestamp":"2022-07-28T22:05:20.788Z"}
{"level":"info","message":"Connected to mongodb://localhost/vidly_tests..","timestamp":"2022-07-28T22:05:20.798Z"}
{"level":"info","message":"Listening on port 5000..","timestamp":"2022-07-28T22:05:35.392Z"}
{"level":"info","message":"Connected to mongodb://localhost/vidly_tests..","timestamp":"2022-07-28T22:05:35.401Z"}
{"level":"info","message":"Listening on port 5000..","timestamp":"2022-07-28T22:05:35.896Z"}
{"level":"info","message":"Connected to mongodb://localhost/vidly_tests..","timestamp":"2022-07-28T22:05:35.901Z"}
{"level":"info","message":"Listening on port 5000..","timestamp":"2022-07-28T22:06:19.342Z"}
{"level":"info","message":"Connected to mongodb://localhost/vidly_tests..","timestamp":"2022-07-28T22:06:19.350Z"}
{"level":"info","message":"Listening on port 5000..","timestamp":"2022-07-28T22:06:19.627Z"}
{"level":"info","message":"Connected to mongodb://localhost/vidly_tests..","timestamp":"2022-07-28T22:06:19.635Z"}
{"level":"info","message":"Listening on port 5000..","timestamp":"2022-07-28T22:06:39.201Z"}
{"level":"info","message":"Connected to mongodb://localhost/vidly_tests..","timestamp":"2022-07-28T22:06:39.215Z"}
{"level":"info","message":"Listening on port 5000..","timestamp":"2022-07-28T22:06:39.471Z"}
{"level":"info","message":"Connected to mongodb://localhost/vidly_tests..","timestamp":"2022-07-28T22:06:39.481Z"}
{"level":"info","message":"Listening on port 5000..","timestamp":"2022-07-28T22:06:49.943Z"}
{"level":"info","message":"Connected to mongodb://localhost/vidly_tests..","timestamp":"2022-07-28T22:06:49.969Z"}
{"level":"info","message":"Listening on port 5000..","timestamp":"2022-07-28T22:06:50.168Z"}
{"level":"info","message":"Connected to mongodb://localhost/vidly_tests..","timestamp":"2022-07-28T22:06:50.180Z"}
{"level":"info","message":"Listening on port 5000..","timestamp":"2022-07-28T22:07:13.508Z"}
{"level":"info","message":"Connected to mongodb://localhost/vidly_tests..","timestamp":"2022-07-28T22:07:13.538Z"}
{"level":"info","message":"Listening on port 5000..","timestamp":"2022-07-28T22:07:13.761Z"}
{"level":"info","message":"Connected to mongodb://localhost/vidly_tests..","timestamp":"2022-07-28T22:07:13.772Z"}
{"level":"info","message":"Listening on port 5000..","timestamp":"2022-07-28T22:07:44.154Z"}
{"level":"info","message":"Connected to mongodb://localhost/vidly_tests..","timestamp":"2022-07-28T22:07:44.168Z"}
{"level":"info","message":"Listening on port 5000..","timestamp":"2022-07-28T22:07:44.449Z"}
{"level":"info","message":"Connected to mongodb://localhost/vidly_tests..","timestamp":"2022-07-28T22:07:44.457Z"}
{"level":"info","message":"Listening on port 5000..","timestamp":"2022-07-28T22:09:33.796Z"}
{"level":"info","message":"Connected to mongodb://localhost/vidly_tests..","timestamp":"2022-07-28T22:09:33.804Z"}
{"level":"info","message":"Listening on port 5000..","timestamp":"2022-07-28T22:09:34.054Z"}
{"level":"info","message":"Connected to mongodb://localhost/vidly_tests..","timestamp":"2022-07-28T22:09:34.067Z"}
{"level":"info","message":"Listening on port 5000..","timestamp":"2022-07-28T22:10:48.814Z"}
{"level":"info","message":"Connected to mongodb://localhost/vidly_tests..","timestamp":"2022-07-28T22:10:48.829Z"}
{"level":"info","message":"Listening on port 5000..","timestamp":"2022-07-28T22:10:49.174Z"}
{"level":"info","message":"Connected to mongodb://localhost/vidly_tests..","timestamp":"2022-07-28T22:10:49.179Z"}
{"level":"info","message":"Listening on port 5000..","timestamp":"2022-07-28T22:11:26.389Z"}
{"level":"info","message":"Connected to mongodb://localhost/vidly_tests..","timestamp":"2022-07-28T22:11:26.401Z"}
{"level":"info","message":"Listening on port 5000..","timestamp":"2022-07-28T22:11:26.713Z"}
{"level":"info","message":"Connected to mongodb://localhost/vidly_tests..","timestamp":"2022-07-28T22:11:26.718Z"}
{"level":"info","message":"Listening on port 5000..","timestamp":"2022-07-28T22:12:11.746Z"}
{"level":"info","message":"Connected to mongodb://localhost/vidly_tests..","timestamp":"2022-07-28T22:12:11.756Z"}
{"level":"info","message":"Listening on port 5000..","timestamp":"2022-07-28T22:12:12.194Z"}
{"level":"info","message":"Connected to mongodb://localhost/vidly_tests..","timestamp":"2022-07-28T22:12:12.199Z"}
{"level":"info","message":"Listening on port 5000..","timestamp":"2022-07-28T22:12:31.487Z"}
{"level":"info","message":"Connected to mongodb://localhost/vidly_tests..","timestamp":"2022-07-28T22:12:31.502Z"}
{"level":"info","message":"Listening on port 5000..","timestamp":"2022-07-28T22:12:31.830Z"}
{"level":"info","message":"Connected to mongodb://localhost/vidly_tests..","timestamp":"2022-07-28T22:12:31.836Z"}
{"level":"info","message":"Listening on port 5000..","timestamp":"2022-07-28T22:12:34.152Z"}
{"level":"info","message":"Connected to mongodb://localhost/vidly_tests..","timestamp":"2022-07-28T22:12:34.158Z"}
{"level":"info","message":"Listening on port 5000..","timestamp":"2022-07-28T22:12:34.405Z"}
{"level":"info","message":"Connected to mongodb://localhost/vidly_tests..","timestamp":"2022-07-28T22:12:34.413Z"}
{"level":"info","message":"Listening on port 5000..","timestamp":"2022-07-28T22:14:04.319Z"}
{"level":"info","message":"Connected to mongodb://localhost/vidly_tests..","timestamp":"2022-07-28T22:14:04.334Z"}
{"level":"info","message":"Listening on port 5000..","timestamp":"2022-07-28T22:14:04.651Z"}
{"level":"info","message":"Connected to mongodb://localhost/vidly_tests..","timestamp":"2022-07-28T22:14:04.657Z"}
{"level":"info","message":"Listening on port 5000..","timestamp":"2022-07-28T22:14:45.278Z"}
{"level":"info","message":"Connected to mongodb://localhost/vidly_tests..","timestamp":"2022-07-28T22:14:45.293Z"}
{"level":"info","message":"Listening on port 5000..","timestamp":"2022-07-28T22:14:45.629Z"}
{"level":"info","message":"Connected to mongodb://localhost/vidly_tests..","timestamp":"2022-07-28T22:14:45.639Z"}
{"level":"info","message":"Listening on port 5000..","timestamp":"2022-07-28T22:14:59.922Z"}
{"level":"info","message":"Connected to mongodb://localhost/vidly_tests..","timestamp":"2022-07-28T22:14:59.932Z"}
{"level":"info","message":"Listening on port 5000..","timestamp":"2022-07-28T22:15:00.255Z"}
{"level":"info","message":"Connected to mongodb://localhost/vidly_tests..","timestamp":"2022-07-28T22:15:00.260Z"}
{"level":"info","message":"Listening on port 5000..","timestamp":"2022-07-28T22:15:25.096Z"}
{"level":"info","message":"Connected to mongodb://localhost/vidly_tests..","timestamp":"2022-07-28T22:15:25.108Z"}
{"level":"info","message":"Listening on port 5000..","timestamp":"2022-07-28T22:15:25.422Z"}
{"level":"info","message":"Connected to mongodb://localhost/vidly_tests..","timestamp":"2022-07-28T22:15:25.434Z"}
{"level":"info","message":"Listening on port 5000..","timestamp":"2022-07-28T22:15:52.354Z"}
{"level":"info","message":"Connected to mongodb://localhost/vidly_tests..","timestamp":"2022-07-28T22:15:52.363Z"}
{"level":"info","message":"Listening on port 5000..","timestamp":"2022-07-28T22:15:52.688Z"}
{"level":"info","message":"Connected to mongodb://localhost/vidly_tests..","timestamp":"2022-07-28T22:15:52.693Z"}
{"level":"info","message":"Listening on port 5000..","timestamp":"2022-07-28T22:15:57.440Z"}
{"level":"info","message":"Connected to mongodb://localhost/vidly_tests..","timestamp":"2022-07-28T22:15:57.446Z"}
{"level":"info","message":"Listening on port 5000..","timestamp":"2022-07-28T22:15:57.702Z"}
{"level":"info","message":"Connected to mongodb://localhost/vidly_tests..","timestamp":"2022-07-28T22:15:57.707Z"}
{"level":"info","message":"Listening on port 5000..","timestamp":"2022-07-28T22:16:05.769Z"}
{"level":"info","message":"Connected to mongodb://localhost/vidly_tests..","timestamp":"2022-07-28T22:16:05.774Z"}
{"level":"info","message":"Listening on port 5000..","timestamp":"2022-07-28T22:16:06.020Z"}
{"level":"info","message":"Connected to mongodb://localhost/vidly_tests..","timestamp":"2022-07-28T22:16:06.025Z"}
{"level":"info","message":"Listening on port 5000..","timestamp":"2022-07-28T22:25:42.666Z"}
{"level":"info","message":"Connected to mongodb://localhost/vidly_tests..","timestamp":"2022-07-28T22:25:42.676Z"}
{"level":"info","message":"Listening on port 5000..","timestamp":"2022-07-28T22:25:42.958Z"}
{"level":"info","message":"Connected to mongodb://localhost/vidly_tests..","timestamp":"2022-07-28T22:25:42.968Z"}
{"level":"info","message":"Listening on port 5000..","timestamp":"2022-07-28T22:25:53.064Z"}
{"level":"info","message":"Connected to mongodb://localhost/vidly_tests..","timestamp":"2022-07-28T22:25:53.070Z"}
{"level":"info","message":"Listening on port 5000..","timestamp":"2022-07-28T22:25:53.354Z"}
{"level":"info","message":"Connected to mongodb://localhost/vidly_tests..","timestamp":"2022-07-28T22:25:53.369Z"}
{"level":"info","message":"Listening on port 5000..","timestamp":"2022-07-28T22:26:51.097Z"}
{"level":"info","message":"Connected to mongodb://localhost/vidly_tests..","timestamp":"2022-07-28T22:26:51.106Z"}
{"level":"info","message":"Listening on port 5000..","timestamp":"2022-07-28T22:26:51.406Z"}
{"level":"info","message":"Connected to mongodb://localhost/vidly_tests..","timestamp":"2022-07-28T22:26:51.410Z"}
{"level":"info","message":"Listening on port 5000..","timestamp":"2022-07-28T22:27:01.061Z"}
{"level":"info","message":"Connected to mongodb://localhost/vidly_tests..","timestamp":"2022-07-28T22:27:01.067Z"}
{"level":"info","message":"Listening on port 5000..","timestamp":"2022-07-28T22:27:01.361Z"}
{"level":"info","message":"Connected to mongodb://localhost/vidly_tests..","timestamp":"2022-07-28T22:27:01.370Z"}
{"level":"info","message":"Listening on port 5000..","timestamp":"2022-07-28T22:27:32.003Z"}
{"level":"info","message":"Connected to mongodb://localhost/vidly_tests..","timestamp":"2022-07-28T22:27:32.011Z"}
{"level":"info","message":"Listening on port 5000..","timestamp":"2022-07-28T22:27:32.268Z"}
{"level":"info","message":"Connected to mongodb://localhost/vidly_tests..","timestamp":"2022-07-28T22:27:32.277Z"}
{"level":"info","message":"Listening on port 5000..","timestamp":"2022-07-28T22:27:40.120Z"}
{"level":"info","message":"Connected to mongodb://localhost/vidly_tests..","timestamp":"2022-07-28T22:27:40.125Z"}
{"level":"info","message":"Listening on port 5000..","timestamp":"2022-07-28T22:27:40.374Z"}
{"level":"info","message":"Connected to mongodb://localhost/vidly_tests..","timestamp":"2022-07-28T22:27:40.381Z"}
{"level":"info","message":"Listening on port 5000..","timestamp":"2022-07-28T22:27:47.771Z"}
{"level":"info","message":"Connected to mongodb://localhost/vidly_tests..","timestamp":"2022-07-28T22:27:47.778Z"}
{"level":"info","message":"Listening on port 5000..","timestamp":"2022-07-28T22:27:48.068Z"}
{"level":"info","message":"Connected to mongodb://localhost/vidly_tests..","timestamp":"2022-07-28T22:27:48.074Z"}
{"level":"info","message":"Listening on port 5000..","timestamp":"2022-07-28T22:28:01.467Z"}
{"level":"info","message":"Connected to mongodb://localhost/vidly_tests..","timestamp":"2022-07-28T22:28:01.477Z"}
{"level":"info","message":"Listening on port 5000..","timestamp":"2022-07-28T22:28:01.787Z"}
{"level":"info","message":"Connected to mongodb://localhost/vidly_tests..","timestamp":"2022-07-28T22:28:01.794Z"}
{"level":"info","message":"Listening on port 5000..","timestamp":"2022-07-28T22:28:19.032Z"}
{"level":"info","message":"Connected to mongodb://localhost/vidly_tests..","timestamp":"2022-07-28T22:28:19.042Z"}
{"level":"info","message":"Listening on port 5000..","timestamp":"2022-07-28T22:28:19.348Z"}
{"level":"info","message":"Connected to mongodb://localhost/vidly_tests..","timestamp":"2022-07-28T22:28:19.353Z"}
{"level":"info","message":"Listening on port 5000..","timestamp":"2022-07-28T22:29:32.106Z"}
{"level":"info","message":"Connected to mongodb://localhost/vidly_tests..","timestamp":"2022-07-28T22:29:32.121Z"}
{"level":"info","message":"Listening on port 5000..","timestamp":"2022-07-28T22:29:32.449Z"}
{"level":"info","message":"Connected to mongodb://localhost/vidly_tests..","timestamp":"2022-07-28T22:29:32.455Z"}
{"level":"info","message":"Listening on port 5000..","timestamp":"2022-07-28T22:38:29.092Z"}
{"level":"info","message":"Connected to mongodb://localhost/vidly_tests..","timestamp":"2022-07-28T22:38:29.234Z"}
{"level":"info","message":"Listening on port 5000..","timestamp":"2022-07-28T22:38:29.539Z"}
{"level":"info","message":"Connected to mongodb://localhost/vidly_tests..","timestamp":"2022-07-28T22:38:29.549Z"}
{"level":"info","message":"Listening on port 5000..","timestamp":"2022-07-28T22:38:31.801Z"}
{"level":"info","message":"Connected to mongodb://localhost/vidly_tests..","timestamp":"2022-07-28T22:38:31.809Z"}
{"level":"info","message":"Listening on port 5000..","timestamp":"2022-07-28T22:38:32.060Z"}
{"level":"info","message":"Connected to mongodb://localhost/vidly_tests..","timestamp":"2022-07-28T22:38:32.067Z"}
{"level":"info","message":"Listening on port 5000..","timestamp":"2022-08-01T23:50:23.081Z"}
{"level":"info","message":"Connected to mongodb://localhost/vidly_tests..","timestamp":"2022-08-01T23:50:23.822Z"}
{"message":"Cast to ObjectId failed for value \"1\" (type string) at path \"_id\" for model \"Genre\"","stack":"CastError: Cast to ObjectId failed for value \"1\" (type string) at path \"_id\" for model \"Genre\"\n    at model.Query.exec (C:\\Users\\saman\\Documents\\Node\\vidly-demo\\node_modules\\mongoose\\lib\\query.js:4780:21)\n    at model.Query.Object.<anonymous>.Query.then (C:\\Users\\saman\\Documents\\Node\\vidly-demo\\node_modules\\mongoose\\lib\\query.js:4879:15)\n    at processTicksAndRejections (node:internal/process/task_queues:96:5)","stringValue":"\"1\"","kind":"ObjectId","value":"1","path":"_id","reason":{},"valueType":"string","level":"error","timestamp":"2022-08-01T23:50:24.061Z"}
{"message":"Cast to ObjectId failed for value \"1\" (type string) at path \"_id\" for model \"Genre\"","stack":"CastError: Cast to ObjectId failed for value \"1\" (type string) at path \"_id\" for model \"Genre\"\n    at model.Query.exec (C:\\Users\\saman\\Documents\\Node\\vidly-demo\\node_modules\\mongoose\\lib\\query.js:4780:21)\n    at model.Query.Object.<anonymous>.Query.then (C:\\Users\\saman\\Documents\\Node\\vidly-demo\\node_modules\\mongoose\\lib\\query.js:4879:15)\n    at processTicksAndRejections (node:internal/process/task_queues:96:5)","stringValue":"\"1\"","kind":"ObjectId","value":"1","path":"_id","reason":{},"valueType":"string","level":"error","timestamp":"2022-08-01T23:50:24.105Z"}
{"level":"info","message":"Listening on port 5000..","timestamp":"2022-08-01T23:50:24.396Z"}
{"level":"info","message":"Connected to mongodb://localhost/vidly_tests..","timestamp":"2022-08-01T23:50:24.403Z"}
{"level":"info","message":"Listening on port 5000..","timestamp":"2022-08-01T23:50:28.477Z"}
{"level":"info","message":"Connected to mongodb://localhost/vidly_tests..","timestamp":"2022-08-01T23:50:28.498Z"}
{"level":"info","message":"Listening on port 5000..","timestamp":"2022-08-01T23:50:28.530Z"}
{"level":"info","message":"Connected to mongodb://localhost/vidly_tests..","timestamp":"2022-08-01T23:50:28.572Z"}
{"message":"Cast to ObjectId failed for value \"1\" (type string) at path \"_id\" for model \"Genre\"","stack":"CastError: Cast to ObjectId failed for value \"1\" (type string) at path \"_id\" for model \"Genre\"\n    at model.Query.exec (C:\\Users\\saman\\Documents\\Node\\vidly-demo\\node_modules\\mongoose\\lib\\query.js:4780:21)\n    at model.Query.Object.<anonymous>.Query.then (C:\\Users\\saman\\Documents\\Node\\vidly-demo\\node_modules\\mongoose\\lib\\query.js:4879:15)\n    at processTicksAndRejections (node:internal/process/task_queues:96:5)","stringValue":"\"1\"","kind":"ObjectId","value":"1","path":"_id","reason":{},"valueType":"string","level":"error","timestamp":"2022-08-01T23:50:28.653Z"}
{"message":"Cast to ObjectId failed for value \"1\" (type string) at path \"_id\" for model \"Genre\"","stack":"CastError: Cast to ObjectId failed for value \"1\" (type string) at path \"_id\" for model \"Genre\"\n    at model.Query.exec (C:\\Users\\saman\\Documents\\Node\\vidly-demo\\node_modules\\mongoose\\lib\\query.js:4780:21)\n    at model.Query.Object.<anonymous>.Query.then (C:\\Users\\saman\\Documents\\Node\\vidly-demo\\node_modules\\mongoose\\lib\\query.js:4879:15)\n    at processTicksAndRejections (node:internal/process/task_queues:96:5)","stringValue":"\"1\"","kind":"ObjectId","value":"1","path":"_id","reason":{},"valueType":"string","level":"error","timestamp":"2022-08-01T23:50:28.687Z"}
{"level":"info","message":"Listening on port 5000..","timestamp":"2022-08-01T23:50:55.146Z"}
{"level":"info","message":"Connected to mongodb://localhost/vidly_tests..","timestamp":"2022-08-01T23:50:55.153Z"}
{"level":"info","message":"Listening on port 5000..","timestamp":"2022-08-01T23:50:55.453Z"}
{"level":"info","message":"Connected to mongodb://localhost/vidly_tests..","timestamp":"2022-08-01T23:50:55.459Z"}
{"level":"info","message":"Listening on port 5000..","timestamp":"2022-08-02T00:51:27.713Z"}
{"level":"info","message":"Connected to mongodb://localhost/vidly_tests..","timestamp":"2022-08-02T00:51:27.831Z"}
{"level":"info","message":"Listening on port 5000..","timestamp":"2022-08-02T00:51:28.126Z"}
{"level":"info","message":"Connected to mongodb://localhost/vidly_tests..","timestamp":"2022-08-02T00:51:28.133Z"}
{"level":"info","message":"Listening on port 5000..","timestamp":"2022-08-02T00:51:30.478Z"}
{"level":"info","message":"Connected to mongodb://localhost/vidly_tests..","timestamp":"2022-08-02T00:51:30.498Z"}
{"level":"info","message":"Listening on port 5000..","timestamp":"2022-08-02T00:51:30.777Z"}
{"level":"info","message":"Connected to mongodb://localhost/vidly_tests..","timestamp":"2022-08-02T00:51:30.783Z"}
{"level":"info","message":"Listening on port 5000..","timestamp":"2022-08-02T18:34:53.504Z"}
{"level":"info","message":"Connected to mongodb://localhost/vidly_tests..","timestamp":"2022-08-02T18:34:54.246Z"}
{"level":"info","message":"Listening on port 5000..","timestamp":"2022-08-02T18:34:54.678Z"}
{"level":"info","message":"Connected to mongodb://localhost/vidly_tests..","timestamp":"2022-08-02T18:34:54.684Z"}
{"level":"info","message":"Listening on port 5000..","timestamp":"2022-08-02T18:34:58.829Z"}
{"level":"info","message":"Connected to mongodb://localhost/vidly_tests..","timestamp":"2022-08-02T18:34:58.867Z"}
{"level":"info","message":"Connected to mongodb://localhost/vidly_tests..","timestamp":"2022-08-02T18:34:58.872Z"}
{"level":"info","message":"Listening on port 5000..","timestamp":"2022-08-02T18:34:58.891Z"}
{"level":"info","message":"Listening on port 5000..","timestamp":"2022-08-02T18:34:59.120Z"}
{"level":"info","message":"Connected to mongodb://localhost/vidly_tests..","timestamp":"2022-08-02T18:34:59.140Z"}
{"level":"info","message":"Listening on port 5000..","timestamp":"2022-08-02T18:37:02.631Z"}
{"level":"info","message":"Connected to mongodb://localhost/vidly_tests..","timestamp":"2022-08-02T18:37:02.646Z"}
{"level":"info","message":"Listening on port 5000..","timestamp":"2022-08-02T18:37:02.960Z"}
{"level":"info","message":"Connected to mongodb://localhost/vidly_tests..","timestamp":"2022-08-02T18:37:02.968Z"}
{"level":"info","message":"Listening on port 5000..","timestamp":"2022-08-02T18:37:03.198Z"}
{"level":"info","message":"Connected to mongodb://localhost/vidly_tests..","timestamp":"2022-08-02T18:37:03.204Z"}
{"level":"info","message":"Listening on port 5000..","timestamp":"2022-08-02T19:12:12.394Z"}
{"level":"info","message":"Connected to mongodb://localhost/vidly_tests..","timestamp":"2022-08-02T19:12:12.439Z"}
{"level":"info","message":"Listening on port 5000..","timestamp":"2022-08-02T19:12:12.794Z"}
{"level":"info","message":"Connected to mongodb://localhost/vidly_tests..","timestamp":"2022-08-02T19:12:12.799Z"}
{"level":"info","message":"Listening on port 5000..","timestamp":"2022-08-02T19:12:13.046Z"}
{"level":"info","message":"Connected to mongodb://localhost/vidly_tests..","timestamp":"2022-08-02T19:12:13.056Z"}
{"level":"info","message":"Listening on port 5000..","timestamp":"2022-08-02T19:12:51.072Z"}
{"level":"info","message":"Connected to mongodb://localhost/vidly_tests..","timestamp":"2022-08-02T19:12:51.082Z"}
{"level":"info","message":"Listening on port 5000..","timestamp":"2022-08-02T19:12:51.397Z"}
{"level":"info","message":"Connected to mongodb://localhost/vidly_tests..","timestamp":"2022-08-02T19:12:51.405Z"}
{"level":"info","message":"Listening on port 5000..","timestamp":"2022-08-02T19:12:51.644Z"}
{"level":"info","message":"Connected to mongodb://localhost/vidly_tests..","timestamp":"2022-08-02T19:12:51.652Z"}
{"level":"info","message":"Listening on port 5000..","timestamp":"2022-08-02T19:13:09.544Z"}
{"level":"info","message":"Connected to mongodb://localhost/vidly_tests..","timestamp":"2022-08-02T19:13:09.553Z"}
{"level":"info","message":"Listening on port 5000..","timestamp":"2022-08-02T19:13:09.880Z"}
{"level":"info","message":"Connected to mongodb://localhost/vidly_tests..","timestamp":"2022-08-02T19:13:09.886Z"}
{"level":"info","message":"Listening on port 5000..","timestamp":"2022-08-02T19:13:10.107Z"}
{"level":"info","message":"Connected to mongodb://localhost/vidly_tests..","timestamp":"2022-08-02T19:13:10.114Z"}
{"level":"info","message":"Listening on port 5000..","timestamp":"2022-08-02T19:13:13.413Z"}
{"level":"info","message":"Connected to mongodb://localhost/vidly_tests..","timestamp":"2022-08-02T19:13:13.421Z"}
{"level":"info","message":"Listening on port 5000..","timestamp":"2022-08-02T19:13:13.690Z"}
{"level":"info","message":"Connected to mongodb://localhost/vidly_tests..","timestamp":"2022-08-02T19:13:13.695Z"}
{"level":"info","message":"Listening on port 5000..","timestamp":"2022-08-02T19:13:13.958Z"}
{"level":"info","message":"Connected to mongodb://localhost/vidly_tests..","timestamp":"2022-08-02T19:13:13.968Z"}
{"level":"info","message":"Listening on port 5000..","timestamp":"2022-08-02T19:13:54.350Z"}
{"level":"info","message":"Connected to mongodb://localhost/vidly_tests..","timestamp":"2022-08-02T19:13:54.364Z"}
{"level":"info","message":"Listening on port 5000..","timestamp":"2022-08-02T19:13:54.725Z"}
{"level":"info","message":"Connected to mongodb://localhost/vidly_tests..","timestamp":"2022-08-02T19:13:54.733Z"}
{"level":"info","message":"Listening on port 5000..","timestamp":"2022-08-02T19:15:11.112Z"}
{"level":"info","message":"Connected to mongodb://localhost/vidly_tests..","timestamp":"2022-08-02T19:15:11.122Z"}
{"level":"info","message":"Listening on port 5000..","timestamp":"2022-08-02T19:15:11.446Z"}
{"level":"info","message":"Connected to mongodb://localhost/vidly_tests..","timestamp":"2022-08-02T19:15:11.450Z"}
{"level":"info","message":"Listening on port 5000..","timestamp":"2022-08-02T19:15:12.025Z"}
{"level":"info","message":"Connected to mongodb://localhost/vidly_tests..","timestamp":"2022-08-02T19:15:12.032Z"}
{"level":"info","message":"Listening on port 5000..","timestamp":"2022-08-02T19:15:31.868Z"}
{"level":"info","message":"Connected to mongodb://localhost/vidly_tests..","timestamp":"2022-08-02T19:15:31.882Z"}
{"level":"info","message":"Listening on port 5000..","timestamp":"2022-08-02T19:15:32.197Z"}
{"level":"info","message":"Connected to mongodb://localhost/vidly_tests..","timestamp":"2022-08-02T19:15:32.203Z"}
{"level":"info","message":"Listening on port 5000..","timestamp":"2022-08-02T19:15:38.616Z"}
{"level":"info","message":"Connected to mongodb://localhost/vidly_tests..","timestamp":"2022-08-02T19:15:38.620Z"}
{"level":"info","message":"Listening on port 5000..","timestamp":"2022-08-02T19:15:38.887Z"}
{"level":"info","message":"Connected to mongodb://localhost/vidly_tests..","timestamp":"2022-08-02T19:15:38.894Z"}
{"level":"info","message":"Listening on port 5000..","timestamp":"2022-08-02T19:15:39.432Z"}
{"level":"info","message":"Connected to mongodb://localhost/vidly_tests..","timestamp":"2022-08-02T19:15:39.438Z"}
{"level":"info","message":"Listening on port 5000..","timestamp":"2022-08-02T19:16:00.489Z"}
{"level":"info","message":"Connected to mongodb://localhost/vidly_tests..","timestamp":"2022-08-02T19:16:00.503Z"}
{"level":"info","message":"Listening on port 5000..","timestamp":"2022-08-02T19:16:00.774Z"}
{"level":"info","message":"Connected to mongodb://localhost/vidly_tests..","timestamp":"2022-08-02T19:16:00.785Z"}
{"level":"info","message":"Listening on port 5000..","timestamp":"2022-08-02T19:16:01.041Z"}
{"level":"info","message":"Connected to mongodb://localhost/vidly_tests..","timestamp":"2022-08-02T19:16:01.047Z"}
{"level":"info","message":"Listening on port 5000..","timestamp":"2022-08-02T19:16:13.609Z"}
{"level":"info","message":"Connected to mongodb://localhost/vidly_tests..","timestamp":"2022-08-02T19:16:13.626Z"}
{"level":"info","message":"Listening on port 5000..","timestamp":"2022-08-02T19:16:13.899Z"}
{"level":"info","message":"Connected to mongodb://localhost/vidly_tests..","timestamp":"2022-08-02T19:16:13.905Z"}
{"level":"info","message":"Listening on port 5000..","timestamp":"2022-08-02T19:16:14.158Z"}
{"level":"info","message":"Connected to mongodb://localhost/vidly_tests..","timestamp":"2022-08-02T19:16:14.164Z"}
{"level":"info","message":"Listening on port 5000..","timestamp":"2022-08-02T19:16:25.173Z"}
{"level":"info","message":"Connected to mongodb://localhost/vidly_tests..","timestamp":"2022-08-02T19:16:25.199Z"}
{"level":"info","message":"Listening on port 5000..","timestamp":"2022-08-02T19:16:25.530Z"}
{"level":"info","message":"Connected to mongodb://localhost/vidly_tests..","timestamp":"2022-08-02T19:16:25.536Z"}
{"level":"info","message":"Listening on port 5000..","timestamp":"2022-08-02T19:16:25.811Z"}
{"level":"info","message":"Connected to mongodb://localhost/vidly_tests..","timestamp":"2022-08-02T19:16:25.816Z"}
{"level":"info","message":"Listening on port 5000..","timestamp":"2022-08-02T19:16:53.402Z"}
{"level":"info","message":"Connected to mongodb://localhost/vidly_tests..","timestamp":"2022-08-02T19:16:53.417Z"}
{"level":"info","message":"Listening on port 5000..","timestamp":"2022-08-02T19:17:03.653Z"}
{"level":"info","message":"Connected to mongodb://localhost/vidly_tests..","timestamp":"2022-08-02T19:17:03.658Z"}
{"level":"info","message":"Listening on port 5000..","timestamp":"2022-08-02T19:17:03.924Z"}
{"level":"info","message":"Connected to mongodb://localhost/vidly_tests..","timestamp":"2022-08-02T19:17:03.934Z"}
{"level":"info","message":"Listening on port 5000..","timestamp":"2022-08-02T19:17:13.256Z"}
{"level":"info","message":"Connected to mongodb://localhost/vidly_tests..","timestamp":"2022-08-02T19:17:13.280Z"}
{"level":"info","message":"Listening on port 5000..","timestamp":"2022-08-02T19:17:13.273Z"}
{"level":"info","message":"Connected to mongodb://localhost/vidly_tests..","timestamp":"2022-08-02T19:17:13.307Z"}
{"level":"info","message":"Connected to mongodb://localhost/vidly_tests..","timestamp":"2022-08-02T19:17:13.323Z"}
{"level":"info","message":"Listening on port 5000..","timestamp":"2022-08-02T19:17:13.330Z"}
{"level":"info","message":"Listening on port 5000..","timestamp":"2022-08-02T19:18:11.656Z"}
{"level":"info","message":"Connected to mongodb://localhost/vidly_tests..","timestamp":"2022-08-02T19:18:11.682Z"}
{"level":"info","message":"Listening on port 5000..","timestamp":"2022-08-02T19:18:11.717Z"}
{"level":"info","message":"Connected to mongodb://localhost/vidly_tests..","timestamp":"2022-08-02T19:18:11.769Z"}
{"level":"info","message":"Connected to mongodb://localhost/vidly_tests..","timestamp":"2022-08-02T19:18:11.772Z"}
{"level":"info","message":"Listening on port 5000..","timestamp":"2022-08-02T19:18:11.795Z"}
{"level":"info","message":"Listening on port 5000..","timestamp":"2022-08-02T19:20:12.136Z"}
{"level":"info","message":"Connected to mongodb://localhost/vidly_tests..","timestamp":"2022-08-02T19:20:12.159Z"}
{"level":"info","message":"Connected to mongodb://localhost/vidly_tests..","timestamp":"2022-08-02T19:20:12.206Z"}
{"level":"info","message":"Listening on port 5000..","timestamp":"2022-08-02T19:20:12.200Z"}
{"level":"info","message":"Listening on port 5000..","timestamp":"2022-08-02T19:20:12.229Z"}
{"level":"info","message":"Connected to mongodb://localhost/vidly_tests..","timestamp":"2022-08-02T19:20:12.256Z"}
{"level":"info","message":"Listening on port 5000..","timestamp":"2022-08-02T19:20:47.073Z"}
{"level":"info","message":"Connected to mongodb://localhost/vidly_tests..","timestamp":"2022-08-02T19:20:47.099Z"}
{"level":"info","message":"Listening on port 5000..","timestamp":"2022-08-02T19:20:47.315Z"}
{"level":"info","message":"Connected to mongodb://localhost/vidly_tests..","timestamp":"2022-08-02T19:20:47.324Z"}
{"level":"info","message":"Listening on port 5000..","timestamp":"2022-08-02T19:20:47.535Z"}
{"level":"info","message":"Connected to mongodb://localhost/vidly_tests..","timestamp":"2022-08-02T19:20:47.540Z"}
{"level":"info","message":"Listening on port 5000..","timestamp":"2022-08-02T19:21:47.055Z"}
{"level":"info","message":"Connected to mongodb://localhost/vidly_tests..","timestamp":"2022-08-02T19:21:47.067Z"}
{"level":"info","message":"Listening on port 5000..","timestamp":"2022-08-02T19:21:47.378Z"}
{"level":"info","message":"Connected to mongodb://localhost/vidly_tests..","timestamp":"2022-08-02T19:21:47.390Z"}
{"level":"info","message":"Listening on port 5000..","timestamp":"2022-08-02T19:21:47.662Z"}
{"level":"info","message":"Connected to mongodb://localhost/vidly_tests..","timestamp":"2022-08-02T19:21:47.672Z"}
{"level":"info","message":"Listening on port 5000..","timestamp":"2022-08-02T19:22:04.664Z"}
{"level":"info","message":"Connected to mongodb://localhost/vidly_tests..","timestamp":"2022-08-02T19:22:04.672Z"}
{"level":"info","message":"Listening on port 5000..","timestamp":"2022-08-02T19:22:04.906Z"}
{"level":"info","message":"Connected to mongodb://localhost/vidly_tests..","timestamp":"2022-08-02T19:22:04.916Z"}
{"level":"info","message":"Listening on port 5000..","timestamp":"2022-08-02T19:22:05.200Z"}
{"level":"info","message":"Connected to mongodb://localhost/vidly_tests..","timestamp":"2022-08-02T19:22:05.208Z"}
{"level":"info","message":"Listening on port 5000..","timestamp":"2022-08-02T19:23:12.738Z"}
{"level":"info","message":"Connected to mongodb://localhost/vidly_tests..","timestamp":"2022-08-02T19:23:12.751Z"}
{"level":"info","message":"Listening on port 5000..","timestamp":"2022-08-02T19:23:13.110Z"}
{"level":"info","message":"Connected to mongodb://localhost/vidly_tests..","timestamp":"2022-08-02T19:23:13.119Z"}
{"level":"info","message":"Listening on port 5000..","timestamp":"2022-08-02T19:23:13.379Z"}
{"level":"info","message":"Connected to mongodb://localhost/vidly_tests..","timestamp":"2022-08-02T19:23:13.386Z"}
{"level":"info","message":"Listening on port 5000..","timestamp":"2022-08-02T19:23:32.875Z"}
{"level":"info","message":"Connected to mongodb://localhost/vidly_tests..","timestamp":"2022-08-02T19:23:32.887Z"}
{"level":"info","message":"Listening on port 5000..","timestamp":"2022-08-02T19:23:33.144Z"}
{"level":"info","message":"Connected to mongodb://localhost/vidly_tests..","timestamp":"2022-08-02T19:23:33.155Z"}
{"level":"info","message":"Listening on port 5000..","timestamp":"2022-08-02T19:23:33.388Z"}
{"level":"info","message":"Connected to mongodb://localhost/vidly_tests..","timestamp":"2022-08-02T19:23:33.396Z"}
{"level":"info","message":"Listening on port 5000..","timestamp":"2022-08-02T19:24:16.985Z"}
{"level":"info","message":"Connected to mongodb://localhost/vidly_tests..","timestamp":"2022-08-02T19:24:16.994Z"}
{"level":"info","message":"Listening on port 5000..","timestamp":"2022-08-02T19:24:17.327Z"}
{"level":"info","message":"Connected to mongodb://localhost/vidly_tests..","timestamp":"2022-08-02T19:24:17.336Z"}
{"level":"info","message":"Listening on port 5000..","timestamp":"2022-08-02T19:24:17.606Z"}
{"level":"info","message":"Connected to mongodb://localhost/vidly_tests..","timestamp":"2022-08-02T19:24:17.621Z"}
{"level":"info","message":"Listening on port 5000..","timestamp":"2022-08-02T19:24:41.400Z"}
{"level":"info","message":"Connected to mongodb://localhost/vidly_tests..","timestamp":"2022-08-02T19:24:41.409Z"}
{"level":"info","message":"Listening on port 5000..","timestamp":"2022-08-02T19:24:41.644Z"}
{"level":"info","message":"Connected to mongodb://localhost/vidly_tests..","timestamp":"2022-08-02T19:24:41.654Z"}
{"level":"info","message":"Listening on port 5000..","timestamp":"2022-08-02T19:24:41.907Z"}
{"level":"info","message":"Connected to mongodb://localhost/vidly_tests..","timestamp":"2022-08-02T19:24:41.913Z"}
{"level":"info","message":"Listening on port 5000..","timestamp":"2022-08-02T19:24:50.007Z"}
{"level":"info","message":"Connected to mongodb://localhost/vidly_tests..","timestamp":"2022-08-02T19:24:50.018Z"}
{"level":"info","message":"Listening on port 5000..","timestamp":"2022-08-02T19:24:50.258Z"}
{"level":"info","message":"Connected to mongodb://localhost/vidly_tests..","timestamp":"2022-08-02T19:24:50.263Z"}
{"level":"info","message":"Listening on port 5000..","timestamp":"2022-08-02T19:24:50.508Z"}
{"level":"info","message":"Connected to mongodb://localhost/vidly_tests..","timestamp":"2022-08-02T19:24:50.518Z"}
{"level":"info","message":"Listening on port 5000..","timestamp":"2022-08-02T19:25:00.301Z"}
{"level":"info","message":"Connected to mongodb://localhost/vidly_tests..","timestamp":"2022-08-02T19:25:00.309Z"}
{"level":"info","message":"Listening on port 5000..","timestamp":"2022-08-02T19:25:00.544Z"}
{"level":"info","message":"Connected to mongodb://localhost/vidly_tests..","timestamp":"2022-08-02T19:25:00.556Z"}
{"level":"info","message":"Listening on port 5000..","timestamp":"2022-08-02T19:25:00.886Z"}
{"level":"info","message":"Connected to mongodb://localhost/vidly_tests..","timestamp":"2022-08-02T19:25:00.892Z"}
{"level":"info","message":"Listening on port 5000..","timestamp":"2022-08-02T19:25:11.329Z"}
{"level":"info","message":"Connected to mongodb://localhost/vidly_tests..","timestamp":"2022-08-02T19:25:11.342Z"}
{"level":"info","message":"Listening on port 5000..","timestamp":"2022-08-02T19:25:11.671Z"}
{"level":"info","message":"Connected to mongodb://localhost/vidly_tests..","timestamp":"2022-08-02T19:25:11.709Z"}
{"level":"info","message":"Listening on port 5000..","timestamp":"2022-08-02T19:25:11.957Z"}
{"level":"info","message":"Connected to mongodb://localhost/vidly_tests..","timestamp":"2022-08-02T19:25:11.963Z"}
{"level":"info","message":"Listening on port 5000..","timestamp":"2022-08-02T19:25:32.015Z"}
{"level":"info","message":"Connected to mongodb://localhost/vidly_tests..","timestamp":"2022-08-02T19:25:32.026Z"}
{"level":"info","message":"Listening on port 5000..","timestamp":"2022-08-02T19:25:32.284Z"}
{"level":"info","message":"Connected to mongodb://localhost/vidly_tests..","timestamp":"2022-08-02T19:25:32.294Z"}
{"level":"info","message":"Listening on port 5000..","timestamp":"2022-08-02T19:25:36.866Z"}
{"level":"info","message":"Connected to mongodb://localhost/vidly_tests..","timestamp":"2022-08-02T19:25:36.872Z"}
{"level":"info","message":"Listening on port 5000..","timestamp":"2022-08-02T19:25:37.103Z"}
{"level":"info","message":"Connected to mongodb://localhost/vidly_tests..","timestamp":"2022-08-02T19:25:37.109Z"}
{"level":"info","message":"Listening on port 5000..","timestamp":"2022-08-02T19:25:37.839Z"}
{"level":"info","message":"Connected to mongodb://localhost/vidly_tests..","timestamp":"2022-08-02T19:25:37.857Z"}
{"level":"info","message":"Listening on port 5000..","timestamp":"2022-08-02T19:26:02.742Z"}
{"level":"info","message":"Connected to mongodb://localhost/vidly_tests..","timestamp":"2022-08-02T19:26:02.758Z"}
{"level":"info","message":"Listening on port 5000..","timestamp":"2022-08-02T19:26:03.012Z"}
{"level":"info","message":"Connected to mongodb://localhost/vidly_tests..","timestamp":"2022-08-02T19:26:03.027Z"}
{"level":"info","message":"Listening on port 5000..","timestamp":"2022-08-02T19:26:03.347Z"}
{"level":"info","message":"Connected to mongodb://localhost/vidly_tests..","timestamp":"2022-08-02T19:26:03.356Z"}
{"level":"info","message":"Listening on port 5000..","timestamp":"2022-08-02T19:26:17.727Z"}
{"level":"info","message":"Connected to mongodb://localhost/vidly_tests..","timestamp":"2022-08-02T19:26:17.736Z"}
{"level":"info","message":"Listening on port 5000..","timestamp":"2022-08-02T19:26:18.085Z"}
{"level":"info","message":"Connected to mongodb://localhost/vidly_tests..","timestamp":"2022-08-02T19:26:18.142Z"}
{"level":"info","message":"Listening on port 5000..","timestamp":"2022-08-02T19:26:18.410Z"}
{"level":"info","message":"Connected to mongodb://localhost/vidly_tests..","timestamp":"2022-08-02T19:26:18.416Z"}
{"level":"info","message":"Listening on port 5000..","timestamp":"2022-08-02T19:26:28.322Z"}
{"level":"info","message":"Connected to mongodb://localhost/vidly_tests..","timestamp":"2022-08-02T19:26:28.342Z"}
{"level":"info","message":"Listening on port 5000..","timestamp":"2022-08-02T19:26:28.593Z"}
{"level":"info","message":"Connected to mongodb://localhost/vidly_tests..","timestamp":"2022-08-02T19:26:28.599Z"}
{"level":"info","message":"Listening on port 5000..","timestamp":"2022-08-02T19:26:28.853Z"}
{"level":"info","message":"Connected to mongodb://localhost/vidly_tests..","timestamp":"2022-08-02T19:26:28.862Z"}
{"level":"info","message":"Listening on port 5000..","timestamp":"2022-08-02T19:26:44.445Z"}
{"level":"info","message":"Connected to mongodb://localhost/vidly_tests..","timestamp":"2022-08-02T19:26:44.460Z"}
{"level":"info","message":"Listening on port 5000..","timestamp":"2022-08-02T19:26:44.722Z"}
{"level":"info","message":"Connected to mongodb://localhost/vidly_tests..","timestamp":"2022-08-02T19:26:44.728Z"}
{"level":"info","message":"Listening on port 5000..","timestamp":"2022-08-02T19:26:48.871Z"}
{"level":"info","message":"Connected to mongodb://localhost/vidly_tests..","timestamp":"2022-08-02T19:26:48.890Z"}
{"level":"info","message":"Listening on port 5000..","timestamp":"2022-08-02T19:26:49.162Z"}
{"level":"info","message":"Connected to mongodb://localhost/vidly_tests..","timestamp":"2022-08-02T19:26:49.167Z"}
{"level":"info","message":"Listening on port 5000..","timestamp":"2022-08-02T19:26:49.886Z"}
{"level":"info","message":"Connected to mongodb://localhost/vidly_tests..","timestamp":"2022-08-02T19:26:49.893Z"}
{"level":"info","message":"Listening on port 5000..","timestamp":"2022-08-02T19:27:06.284Z"}
{"level":"info","message":"Connected to mongodb://localhost/vidly_tests..","timestamp":"2022-08-02T19:27:06.305Z"}
{"level":"info","message":"Listening on port 5000..","timestamp":"2022-08-02T19:27:06.591Z"}
{"level":"info","message":"Connected to mongodb://localhost/vidly_tests..","timestamp":"2022-08-02T19:27:06.595Z"}
{"level":"info","message":"Listening on port 5000..","timestamp":"2022-08-02T19:27:06.846Z"}
{"level":"info","message":"Connected to mongodb://localhost/vidly_tests..","timestamp":"2022-08-02T19:27:06.855Z"}
{"level":"info","message":"Listening on port 5000..","timestamp":"2022-08-02T19:27:19.601Z"}
{"level":"info","message":"Connected to mongodb://localhost/vidly_tests..","timestamp":"2022-08-02T19:27:19.618Z"}
{"level":"info","message":"Listening on port 5000..","timestamp":"2022-08-02T19:27:19.858Z"}
{"level":"info","message":"Connected to mongodb://localhost/vidly_tests..","timestamp":"2022-08-02T19:27:19.873Z"}
{"level":"info","message":"Listening on port 5000..","timestamp":"2022-08-02T19:27:20.214Z"}
{"level":"info","message":"Connected to mongodb://localhost/vidly_tests..","timestamp":"2022-08-02T19:27:20.225Z"}
{"level":"info","message":"Listening on port 5000..","timestamp":"2022-08-02T19:27:27.671Z"}
{"level":"info","message":"Connected to mongodb://localhost/vidly_tests..","timestamp":"2022-08-02T19:27:27.692Z"}
{"level":"info","message":"Listening on port 5000..","timestamp":"2022-08-02T19:27:28.011Z"}
{"level":"info","message":"Connected to mongodb://localhost/vidly_tests..","timestamp":"2022-08-02T19:27:28.031Z"}
{"level":"info","message":"Listening on port 5000..","timestamp":"2022-08-02T19:27:28.394Z"}
{"level":"info","message":"Connected to mongodb://localhost/vidly_tests..","timestamp":"2022-08-02T19:27:28.400Z"}
{"level":"info","message":"Listening on port 5000..","timestamp":"2022-08-02T19:28:05.529Z"}
{"level":"info","message":"Connected to mongodb://localhost/vidly_tests..","timestamp":"2022-08-02T19:28:05.541Z"}
{"level":"info","message":"Listening on port 5000..","timestamp":"2022-08-02T19:28:05.794Z"}
{"level":"info","message":"Connected to mongodb://localhost/vidly_tests..","timestamp":"2022-08-02T19:28:05.806Z"}
{"level":"info","message":"Listening on port 5000..","timestamp":"2022-08-02T19:28:06.035Z"}
{"level":"info","message":"Connected to mongodb://localhost/vidly_tests..","timestamp":"2022-08-02T19:28:06.042Z"}
{"level":"info","message":"Listening on port 5000..","timestamp":"2022-08-02T19:28:19.564Z"}
{"level":"info","message":"Connected to mongodb://localhost/vidly_tests..","timestamp":"2022-08-02T19:28:19.587Z"}
{"level":"info","message":"Listening on port 5000..","timestamp":"2022-08-02T19:28:19.846Z"}
{"level":"info","message":"Connected to mongodb://localhost/vidly_tests..","timestamp":"2022-08-02T19:28:19.864Z"}
{"level":"info","message":"Listening on port 5000..","timestamp":"2022-08-02T19:28:20.434Z"}
{"level":"info","message":"Connected to mongodb://localhost/vidly_tests..","timestamp":"2022-08-02T19:28:20.445Z"}
{"level":"info","message":"Listening on port 5000..","timestamp":"2022-08-02T19:35:47.456Z"}
{"level":"info","message":"Connected to mongodb://localhost/vidly_tests..","timestamp":"2022-08-02T19:35:47.563Z"}
{"level":"info","message":"Listening on port 5000..","timestamp":"2022-08-02T19:35:47.805Z"}
{"level":"info","message":"Connected to mongodb://localhost/vidly_tests..","timestamp":"2022-08-02T19:35:47.823Z"}
{"level":"info","message":"Listening on port 5000..","timestamp":"2022-08-02T19:35:48.161Z"}
{"level":"info","message":"Connected to mongodb://localhost/vidly_tests..","timestamp":"2022-08-02T19:35:48.201Z"}
{"level":"info","message":"Listening on port 5000..","timestamp":"2022-08-02T19:35:50.614Z"}
{"level":"info","message":"Connected to mongodb://localhost/vidly_tests..","timestamp":"2022-08-02T19:35:50.653Z"}
{"level":"info","message":"Listening on port 5000..","timestamp":"2022-08-02T19:35:51.002Z"}
{"level":"info","message":"Connected to mongodb://localhost/vidly_tests..","timestamp":"2022-08-02T19:35:51.029Z"}
{"level":"info","message":"Listening on port 5000..","timestamp":"2022-08-02T19:35:51.381Z"}
{"level":"info","message":"Connected to mongodb://localhost/vidly_tests..","timestamp":"2022-08-02T19:35:51.385Z"}
{"level":"info","message":"Listening on port 5000..","timestamp":"2022-08-02T19:36:21.186Z"}
{"level":"info","message":"Connected to mongodb://localhost/vidly_tests..","timestamp":"2022-08-02T19:36:21.222Z"}
{"level":"info","message":"Listening on port 5000..","timestamp":"2022-08-02T19:36:21.494Z"}
{"level":"info","message":"Connected to mongodb://localhost/vidly_tests..","timestamp":"2022-08-02T19:36:21.506Z"}
{"level":"info","message":"Listening on port 5000..","timestamp":"2022-08-02T19:36:21.756Z"}
{"level":"info","message":"Connected to mongodb://localhost/vidly_tests..","timestamp":"2022-08-02T19:36:21.766Z"}
{"level":"info","message":"Listening on port 5000..","timestamp":"2022-08-02T19:36:28.932Z"}
{"level":"info","message":"Connected to mongodb://localhost/vidly_tests..","timestamp":"2022-08-02T19:36:28.947Z"}
{"level":"info","message":"Listening on port 5000..","timestamp":"2022-08-02T19:36:29.343Z"}
{"level":"info","message":"Connected to mongodb://localhost/vidly_tests..","timestamp":"2022-08-02T19:36:29.354Z"}
{"level":"info","message":"Listening on port 5000..","timestamp":"2022-08-02T19:36:29.680Z"}
{"level":"info","message":"Connected to mongodb://localhost/vidly_tests..","timestamp":"2022-08-02T19:36:29.692Z"}
{"level":"info","message":"Listening on port 5000..","timestamp":"2022-08-02T19:37:02.059Z"}
{"level":"info","message":"Connected to mongodb://localhost/vidly_tests..","timestamp":"2022-08-02T19:37:02.089Z"}
{"level":"info","message":"Listening on port 5000..","timestamp":"2022-08-02T19:37:02.342Z"}
{"level":"info","message":"Connected to mongodb://localhost/vidly_tests..","timestamp":"2022-08-02T19:37:02.348Z"}
{"level":"info","message":"Listening on port 5000..","timestamp":"2022-08-02T19:37:02.565Z"}
{"level":"info","message":"Connected to mongodb://localhost/vidly_tests..","timestamp":"2022-08-02T19:37:02.571Z"}
{"level":"info","message":"Listening on port 5000..","timestamp":"2022-08-02T19:37:23.840Z"}
{"level":"info","message":"Connected to mongodb://localhost/vidly_tests..","timestamp":"2022-08-02T19:37:23.891Z"}
{"level":"info","message":"Listening on port 5000..","timestamp":"2022-08-02T19:37:24.161Z"}
{"level":"info","message":"Connected to mongodb://localhost/vidly_tests..","timestamp":"2022-08-02T19:37:24.167Z"}
{"level":"info","message":"Listening on port 5000..","timestamp":"2022-08-02T19:37:24.408Z"}
{"level":"info","message":"Connected to mongodb://localhost/vidly_tests..","timestamp":"2022-08-02T19:37:24.429Z"}
{"level":"info","message":"Listening on port 5000..","timestamp":"2022-08-02T19:37:37.174Z"}
{"level":"info","message":"Connected to mongodb://localhost/vidly_tests..","timestamp":"2022-08-02T19:37:37.184Z"}
{"level":"info","message":"Listening on port 5000..","timestamp":"2022-08-02T19:37:37.609Z"}
{"level":"info","message":"Connected to mongodb://localhost/vidly_tests..","timestamp":"2022-08-02T19:37:37.614Z"}
{"level":"info","message":"Listening on port 5000..","timestamp":"2022-08-02T19:37:37.954Z"}
{"level":"info","message":"Connected to mongodb://localhost/vidly_tests..","timestamp":"2022-08-02T19:37:37.964Z"}
{"level":"info","message":"Listening on port 5000..","timestamp":"2022-08-02T19:38:15.810Z"}
{"level":"info","message":"Connected to mongodb://localhost/vidly_tests..","timestamp":"2022-08-02T19:38:15.854Z"}
{"level":"info","message":"Listening on port 5000..","timestamp":"2022-08-02T19:38:16.400Z"}
{"level":"info","message":"Connected to mongodb://localhost/vidly_tests..","timestamp":"2022-08-02T19:38:16.446Z"}
{"level":"info","message":"Listening on port 5000..","timestamp":"2022-08-02T19:39:40.190Z"}
{"level":"info","message":"Connected to mongodb://localhost/vidly_tests..","timestamp":"2022-08-02T19:39:40.211Z"}
{"level":"info","message":"Listening on port 5000..","timestamp":"2022-08-02T19:39:40.236Z"}
{"level":"info","message":"Connected to mongodb://localhost/vidly_tests..","timestamp":"2022-08-02T19:39:40.282Z"}
{"level":"info","message":"Connected to mongodb://localhost/vidly_tests..","timestamp":"2022-08-02T19:39:40.280Z"}
{"level":"info","message":"Listening on port 5000..","timestamp":"2022-08-02T19:39:40.298Z"}
{"level":"info","message":"Listening on port 5000..","timestamp":"2022-08-02T19:39:43.022Z"}
{"level":"info","message":"Connected to mongodb://localhost/vidly_tests..","timestamp":"2022-08-02T19:39:43.047Z"}
{"level":"info","message":"Listening on port 5000..","timestamp":"2022-08-02T19:39:43.340Z"}
{"level":"info","message":"Connected to mongodb://localhost/vidly_tests..","timestamp":"2022-08-02T19:39:43.345Z"}
{"level":"info","message":"Listening on port 5000..","timestamp":"2022-08-02T19:39:43.562Z"}
{"level":"info","message":"Connected to mongodb://localhost/vidly_tests..","timestamp":"2022-08-02T19:39:43.569Z"}
{"level":"info","message":"Listening on port 5000..","timestamp":"2022-08-02T19:42:08.381Z"}
{"level":"info","message":"Connected to mongodb://localhost/vidly_tests..","timestamp":"2022-08-02T19:42:08.393Z"}
{"level":"info","message":"Listening on port 5000..","timestamp":"2022-08-02T19:42:08.673Z"}
{"level":"info","message":"Connected to mongodb://localhost/vidly_tests..","timestamp":"2022-08-02T19:42:08.679Z"}
{"level":"info","message":"Listening on port 5000..","timestamp":"2022-08-02T19:42:08.935Z"}
{"level":"info","message":"Connected to mongodb://localhost/vidly_tests..","timestamp":"2022-08-02T19:42:08.946Z"}
{"level":"info","message":"Listening on port 5000..","timestamp":"2022-08-02T19:43:12.511Z"}
{"level":"info","message":"Connected to mongodb://localhost/vidly_tests..","timestamp":"2022-08-02T19:43:12.522Z"}
{"level":"info","message":"Listening on port 5000..","timestamp":"2022-08-02T19:43:12.833Z"}
{"level":"info","message":"Connected to mongodb://localhost/vidly_tests..","timestamp":"2022-08-02T19:43:12.842Z"}
{"level":"info","message":"Listening on port 5000..","timestamp":"2022-08-02T19:43:13.095Z"}
{"level":"info","message":"Connected to mongodb://localhost/vidly_tests..","timestamp":"2022-08-02T19:43:13.101Z"}
{"level":"info","message":"Listening on port 5000..","timestamp":"2022-08-02T19:43:25.447Z"}
{"level":"info","message":"Connected to mongodb://localhost/vidly_tests..","timestamp":"2022-08-02T19:43:25.461Z"}
{"level":"info","message":"Listening on port 5000..","timestamp":"2022-08-02T19:43:25.763Z"}
{"level":"info","message":"Connected to mongodb://localhost/vidly_tests..","timestamp":"2022-08-02T19:43:25.771Z"}
{"level":"info","message":"Listening on port 5000..","timestamp":"2022-08-02T19:43:26.045Z"}
{"level":"info","message":"Connected to mongodb://localhost/vidly_tests..","timestamp":"2022-08-02T19:43:26.051Z"}
{"level":"info","message":"Listening on port 5000..","timestamp":"2022-08-02T19:44:01.179Z"}
{"level":"info","message":"Connected to mongodb://localhost/vidly_tests..","timestamp":"2022-08-02T19:44:01.194Z"}
{"level":"info","message":"Listening on port 5000..","timestamp":"2022-08-02T19:44:01.520Z"}
{"level":"info","message":"Connected to mongodb://localhost/vidly_tests..","timestamp":"2022-08-02T19:44:01.528Z"}
{"level":"info","message":"Listening on port 5000..","timestamp":"2022-08-02T19:44:01.809Z"}
{"level":"info","message":"Connected to mongodb://localhost/vidly_tests..","timestamp":"2022-08-02T19:44:01.814Z"}
{"level":"info","message":"Listening on port 5000..","timestamp":"2022-08-02T19:44:31.152Z"}
{"level":"info","message":"Connected to mongodb://localhost/vidly_tests..","timestamp":"2022-08-02T19:44:31.169Z"}
{"level":"info","message":"Listening on port 5000..","timestamp":"2022-08-02T19:44:31.457Z"}
{"level":"info","message":"Connected to mongodb://localhost/vidly_tests..","timestamp":"2022-08-02T19:44:31.463Z"}
{"level":"info","message":"Listening on port 5000..","timestamp":"2022-08-02T19:44:31.755Z"}
{"level":"info","message":"Connected to mongodb://localhost/vidly_tests..","timestamp":"2022-08-02T19:44:31.761Z"}
{"level":"info","message":"Listening on port 5000..","timestamp":"2022-08-02T19:44:38.909Z"}
{"level":"info","message":"Connected to mongodb://localhost/vidly_tests..","timestamp":"2022-08-02T19:44:38.916Z"}
{"level":"info","message":"Listening on port 5000..","timestamp":"2022-08-02T19:44:39.168Z"}
{"level":"info","message":"Connected to mongodb://localhost/vidly_tests..","timestamp":"2022-08-02T19:44:39.174Z"}
{"level":"info","message":"Listening on port 5000..","timestamp":"2022-08-02T19:44:39.450Z"}
{"level":"info","message":"Connected to mongodb://localhost/vidly_tests..","timestamp":"2022-08-02T19:44:39.456Z"}
{"level":"info","message":"Listening on port 5000..","timestamp":"2022-08-02T19:45:00.491Z"}
{"level":"info","message":"Connected to mongodb://localhost/vidly_tests..","timestamp":"2022-08-02T19:45:00.504Z"}
{"level":"info","message":"Listening on port 5000..","timestamp":"2022-08-02T19:45:00.766Z"}
{"level":"info","message":"Connected to mongodb://localhost/vidly_tests..","timestamp":"2022-08-02T19:45:00.775Z"}
{"level":"info","message":"Listening on port 5000..","timestamp":"2022-08-02T19:45:01.023Z"}
{"level":"info","message":"Connected to mongodb://localhost/vidly_tests..","timestamp":"2022-08-02T19:45:01.030Z"}
{"level":"info","message":"Listening on port 5000..","timestamp":"2022-08-02T19:46:26.620Z"}
{"level":"info","message":"Connected to mongodb://localhost/vidly_tests..","timestamp":"2022-08-02T19:46:26.634Z"}
{"level":"info","message":"Listening on port 5000..","timestamp":"2022-08-02T19:46:26.929Z"}
{"level":"info","message":"Connected to mongodb://localhost/vidly_tests..","timestamp":"2022-08-02T19:46:26.935Z"}
{"level":"info","message":"Listening on port 5000..","timestamp":"2022-08-02T19:46:27.187Z"}
{"level":"info","message":"Connected to mongodb://localhost/vidly_tests..","timestamp":"2022-08-02T19:46:27.193Z"}
{"level":"info","message":"Listening on port 5000..","timestamp":"2022-08-02T19:47:19.091Z"}
{"level":"info","message":"Connected to mongodb://localhost/vidly_tests..","timestamp":"2022-08-02T19:47:19.107Z"}
{"level":"info","message":"Listening on port 5000..","timestamp":"2022-08-02T19:47:19.421Z"}
{"level":"info","message":"Connected to mongodb://localhost/vidly_tests..","timestamp":"2022-08-02T19:47:19.428Z"}
{"level":"info","message":"Listening on port 5000..","timestamp":"2022-08-02T19:47:19.703Z"}
{"level":"info","message":"Connected to mongodb://localhost/vidly_tests..","timestamp":"2022-08-02T19:47:19.709Z"}
{"level":"info","message":"Listening on port 5000..","timestamp":"2022-08-02T19:47:22.227Z"}
{"level":"info","message":"Connected to mongodb://localhost/vidly_tests..","timestamp":"2022-08-02T19:47:22.242Z"}
{"level":"info","message":"Listening on port 5000..","timestamp":"2022-08-02T19:47:22.518Z"}
{"level":"info","message":"Connected to mongodb://localhost/vidly_tests..","timestamp":"2022-08-02T19:47:22.524Z"}
{"level":"info","message":"Listening on port 5000..","timestamp":"2022-08-02T19:47:22.771Z"}
{"level":"info","message":"Connected to mongodb://localhost/vidly_tests..","timestamp":"2022-08-02T19:47:22.776Z"}
{"level":"info","message":"Listening on port 5000..","timestamp":"2022-08-02T19:47:56.431Z"}
{"level":"info","message":"Connected to mongodb://localhost/vidly_tests..","timestamp":"2022-08-02T19:47:56.444Z"}
{"level":"info","message":"Listening on port 5000..","timestamp":"2022-08-02T19:47:56.794Z"}
{"level":"info","message":"Connected to mongodb://localhost/vidly_tests..","timestamp":"2022-08-02T19:47:56.808Z"}
{"level":"info","message":"Listening on port 5000..","timestamp":"2022-08-02T19:47:57.068Z"}
{"level":"info","message":"Connected to mongodb://localhost/vidly_tests..","timestamp":"2022-08-02T19:47:57.073Z"}
{"level":"info","message":"Listening on port 5000..","timestamp":"2022-08-02T19:48:10.207Z"}
{"level":"info","message":"Connected to mongodb://localhost/vidly_tests..","timestamp":"2022-08-02T19:48:10.215Z"}
{"level":"info","message":"Listening on port 5000..","timestamp":"2022-08-02T19:48:10.488Z"}
{"level":"info","message":"Connected to mongodb://localhost/vidly_tests..","timestamp":"2022-08-02T19:48:10.501Z"}
{"level":"info","message":"Listening on port 5000..","timestamp":"2022-08-02T19:48:10.762Z"}
{"level":"info","message":"Connected to mongodb://localhost/vidly_tests..","timestamp":"2022-08-02T19:48:10.767Z"}
{"level":"info","message":"Listening on port 5000..","timestamp":"2022-08-09T15:48:59.478Z"}
{"level":"info","message":"Listening on port 5000..","timestamp":"2022-08-09T15:50:17.122Z"}
{"level":"info","message":"Connected to mongodb://localhost/vidly_tests..","timestamp":"2022-08-09T15:50:17.154Z"}
{"level":"info","message":"Listening on port 5000..","timestamp":"2022-08-09T15:50:17.567Z"}
{"level":"info","message":"Connected to mongodb://localhost/vidly_tests..","timestamp":"2022-08-09T15:50:17.578Z"}
{"level":"info","message":"Listening on port 5000..","timestamp":"2022-08-09T15:50:17.874Z"}
{"level":"info","message":"Connected to mongodb://localhost/vidly_tests..","timestamp":"2022-08-09T15:50:17.885Z"}
{"level":"info","message":"Listening on port 5000..","timestamp":"2022-08-09T15:50:21.208Z"}
{"level":"info","message":"Connected to mongodb://localhost/vidly_tests..","timestamp":"2022-08-09T15:50:21.217Z"}
{"level":"info","message":"Listening on port 5000..","timestamp":"2022-08-09T15:50:21.471Z"}
{"level":"info","message":"Connected to mongodb://localhost/vidly_tests..","timestamp":"2022-08-09T15:50:21.476Z"}
{"level":"info","message":"Listening on port 5000..","timestamp":"2022-08-09T15:50:21.720Z"}
{"level":"info","message":"Connected to mongodb://localhost/vidly_tests..","timestamp":"2022-08-09T15:50:21.728Z"}
{"level":"info","message":"Listening on port 5000..","timestamp":"2022-08-09T16:22:20.645Z"}
{"level":"info","message":"Connected to mongodb://localhost/vidly_tests..","timestamp":"2022-08-09T16:22:20.664Z"}
{"message":"retnal is not defined","stack":"ReferenceError: retnal is not defined\n    at C:\\Users\\saman\\Documents\\Node\\vidly-demo\\routes\\returns.js:20:5\n    at processTicksAndRejections (node:internal/process/task_queues:96:5)","level":"error","timestamp":"2022-08-09T16:22:20.767Z"}
{"message":"retnal is not defined","stack":"ReferenceError: retnal is not defined\n    at C:\\Users\\saman\\Documents\\Node\\vidly-demo\\routes\\returns.js:20:5\n    at processTicksAndRejections (node:internal/process/task_queues:96:5)","level":"error","timestamp":"2022-08-09T16:22:20.780Z"}
{"level":"info","message":"Listening on port 5000..","timestamp":"2022-08-09T16:22:21.013Z"}
{"level":"info","message":"Connected to mongodb://localhost/vidly_tests..","timestamp":"2022-08-09T16:22:21.022Z"}
{"level":"info","message":"Listening on port 5000..","timestamp":"2022-08-09T16:22:21.296Z"}
{"level":"info","message":"Connected to mongodb://localhost/vidly_tests..","timestamp":"2022-08-09T16:22:21.303Z"}
{"level":"info","message":"Listening on port 5000..","timestamp":"2022-08-09T16:22:27.663Z"}
{"level":"info","message":"Connected to mongodb://localhost/vidly_tests..","timestamp":"2022-08-09T16:22:27.671Z"}
{"level":"info","message":"Listening on port 5000..","timestamp":"2022-08-09T16:22:27.954Z"}
{"level":"info","message":"Connected to mongodb://localhost/vidly_tests..","timestamp":"2022-08-09T16:22:27.960Z"}
{"level":"info","message":"Listening on port 5000..","timestamp":"2022-08-09T16:22:28.214Z"}
{"level":"info","message":"Connected to mongodb://localhost/vidly_tests..","timestamp":"2022-08-09T16:22:28.220Z"}
{"level":"info","message":"Listening on port 5000..","timestamp":"2022-08-09T16:22:57.713Z"}
{"level":"info","message":"Connected to mongodb://localhost/vidly_tests..","timestamp":"2022-08-09T16:22:57.727Z"}
{"level":"info","message":"Listening on port 5000..","timestamp":"2022-08-09T16:22:58.064Z"}
{"level":"info","message":"Connected to mongodb://localhost/vidly_tests..","timestamp":"2022-08-09T16:22:58.070Z"}
{"level":"info","message":"Listening on port 5000..","timestamp":"2022-08-09T16:22:58.346Z"}
{"level":"info","message":"Connected to mongodb://localhost/vidly_tests..","timestamp":"2022-08-09T16:22:58.352Z"}
{"level":"info","message":"Listening on port 5000..","timestamp":"2022-08-09T16:23:15.173Z"}
{"level":"info","message":"Connected to mongodb://localhost/vidly_tests..","timestamp":"2022-08-09T16:23:15.181Z"}
{"level":"info","message":"Listening on port 5000..","timestamp":"2022-08-09T16:23:15.505Z"}
{"level":"info","message":"Connected to mongodb://localhost/vidly_tests..","timestamp":"2022-08-09T16:23:15.510Z"}
{"level":"info","message":"Listening on port 5000..","timestamp":"2022-08-09T16:23:15.771Z"}
{"level":"info","message":"Connected to mongodb://localhost/vidly_tests..","timestamp":"2022-08-09T16:23:15.781Z"}
{"level":"info","message":"Listening on port 5000..","timestamp":"2022-08-09T16:23:41.140Z"}
{"level":"info","message":"Connected to mongodb://localhost/vidly_tests..","timestamp":"2022-08-09T16:23:41.151Z"}
{"level":"info","message":"Listening on port 5000..","timestamp":"2022-08-09T16:23:41.462Z"}
{"level":"info","message":"Connected to mongodb://localhost/vidly_tests..","timestamp":"2022-08-09T16:23:41.471Z"}
{"level":"info","message":"Listening on port 5000..","timestamp":"2022-08-09T16:23:41.775Z"}
{"level":"info","message":"Connected to mongodb://localhost/vidly_tests..","timestamp":"2022-08-09T16:23:41.781Z"}
{"level":"info","message":"Listening on port 5000..","timestamp":"2022-08-09T16:25:21.297Z"}
{"level":"info","message":"Connected to mongodb://localhost/vidly_tests..","timestamp":"2022-08-09T16:25:21.309Z"}
{"level":"info","message":"Listening on port 5000..","timestamp":"2022-08-09T16:25:21.578Z"}
{"level":"info","message":"Connected to mongodb://localhost/vidly_tests..","timestamp":"2022-08-09T16:25:21.588Z"}
{"level":"info","message":"Listening on port 5000..","timestamp":"2022-08-09T16:25:21.855Z"}
{"level":"info","message":"Connected to mongodb://localhost/vidly_tests..","timestamp":"2022-08-09T16:25:21.865Z"}
{"level":"info","message":"Listening on port 5000..","timestamp":"2022-08-09T16:25:28.877Z"}
{"level":"info","message":"Connected to mongodb://localhost/vidly_tests..","timestamp":"2022-08-09T16:25:28.887Z"}
{"level":"info","message":"Listening on port 5000..","timestamp":"2022-08-09T16:25:29.153Z"}
{"level":"info","message":"Connected to mongodb://localhost/vidly_tests..","timestamp":"2022-08-09T16:25:29.161Z"}
